Log file open, 11/06/19 15:24:17
LogWindows: Failed to load 'aqProf.dll' (GetLastError=126)
LogWindows: File 'aqProf.dll' does not exist
LogWindows: Failed to load 'VtuneApi.dll' (GetLastError=126)
LogWindows: File 'VtuneApi.dll' does not exist
LogWindows: Failed to load 'VtuneApi32e.dll' (GetLastError=126)
LogWindows: File 'VtuneApi32e.dll' does not exist
LogConsoleResponse: Display: Failed to find resolution value strings in scalability ini. Falling back to default.
LogInit: Display: Running engine for game: MAGICROOM1
LogPlatformFile: Not using cached read wrapper
LogTaskGraph: Started task graph with 5 named threads and 23 total threads with 3 sets of task threads.
LogStats: Stats thread started at 0.066269
LogD3D11RHI: Loaded GFSDK_Aftermath_Lib.x64.dll
LogICUInternationalization: ICU TimeZone Detection - Raw Offset: +10:00, Platform Override: ''
LogPluginManager: Mounting plugin Paper2D
LogPluginManager: Mounting plugin AISupport
LogPluginManager: Mounting plugin LightPropagationVolume
LogPluginManager: Mounting plugin ActorLayerUtilities
LogPluginManager: Mounting plugin AnimationSharing
LogPluginManager: Mounting plugin CLionSourceCodeAccess
LogPluginManager: Mounting plugin CodeLiteSourceCodeAccess
LogPluginManager: Mounting plugin GitSourceControl
LogPluginManager: Mounting plugin KDevelopSourceCodeAccess
LogPluginManager: Mounting plugin NullSourceCodeAccess
LogPluginManager: Mounting plugin PerforceSourceControl
LogPluginManager: Mounting plugin SubversionSourceControl
LogPluginManager: Mounting plugin UObjectPlugin
LogPluginManager: Mounting plugin VisualStudioCodeSourceCodeAccess
LogPluginManager: Mounting plugin VisualStudioSourceCodeAccess
LogPluginManager: Mounting plugin XCodeSourceCodeAccess
LogPluginManager: Mounting plugin AssetManagerEditor
LogPluginManager: Mounting plugin CryptoKeys
LogPluginManager: Mounting plugin CurveEditorTools
LogPluginManager: Mounting plugin DataValidation
LogPluginManager: Mounting plugin FacialAnimation
LogPluginManager: Mounting plugin GameplayTagsEditor
LogPluginManager: Mounting plugin MacGraphicsSwitching
LogPluginManager: Mounting plugin MaterialAnalyzer
LogPluginManager: Mounting plugin MobileLauncherProfileWizard
LogPluginManager: Mounting plugin PluginBrowser
LogPluginManager: Mounting plugin SpeedTreeImporter
LogPluginManager: Mounting plugin DatasmithContent
LogPluginManager: Mounting plugin VariantManagerContent
LogPluginManager: Mounting plugin AlembicImporter
LogPluginManager: Mounting plugin AutomationUtils
LogPluginManager: Mounting plugin BackChannel
LogPluginManager: Mounting plugin CharacterAI
LogPluginManager: Mounting plugin GeometryCache
LogPluginManager: Mounting plugin HTML5Networking
LogPluginManager: Mounting plugin PlatformCrypto
LogPluginManager: Mounting plugin ProxyLODPlugin
LogPluginManager: Mounting plugin SkeletalReduction
LogPluginManager: Mounting plugin MagicLeap
LogPluginManager: Mounting plugin MagicLeapMedia
LogPluginManager: Mounting plugin AndroidMedia
LogPluginManager: Mounting plugin AvfMedia
LogPluginManager: Mounting plugin ImgMedia
LogPluginManager: Mounting plugin MediaCompositing
LogPluginManager: Mounting plugin MediaPlayerEditor
LogPluginManager: Mounting plugin WebMMedia
LogPluginManager: Mounting plugin WmfMedia
LogPluginManager: Mounting plugin TcpMessaging
LogPluginManager: Mounting plugin UdpMessaging
LogPluginManager: Mounting plugin ActorSequence
LogPluginManager: Mounting plugin LevelSequenceEditor
LogPluginManager: Mounting plugin MatineeToLevelSequence
LogPluginManager: Mounting plugin NetcodeUnitTest
LogPluginManager: Mounting plugin NUTUnrealEngine4
LogPluginManager: Mounting plugin OnlineSubsystemGooglePlay
LogPluginManager: Mounting plugin OnlineSubsystemIOS
LogPluginManager: Mounting plugin OnlineSubsystem
LogPluginManager: Mounting plugin OnlineSubsystemNull
LogPluginManager: Mounting plugin OnlineSubsystemUtils
LogPluginManager: Mounting plugin LauncherChunkInstaller
LogPluginManager: Mounting plugin AndroidDeviceProfileSelector
LogPluginManager: Mounting plugin AndroidMoviePlayer
LogPluginManager: Mounting plugin AndroidPermission
LogPluginManager: Mounting plugin AppleImageUtils
LogPluginManager: Mounting plugin AppleMoviePlayer
LogPluginManager: Mounting plugin ArchVisCharacter
LogPluginManager: Mounting plugin AudioCapture
LogPluginManager: Mounting plugin CableComponent
LogPluginManager: Mounting plugin CustomMeshComponent
LogPluginManager: Mounting plugin EditableMesh
LogPluginManager: Mounting plugin ExampleDeviceProfileSelector
LogPluginManager: Mounting plugin GoogleCloudMessaging
LogPluginManager: Mounting plugin IOSDeviceProfileSelector
LogPluginManager: Mounting plugin LinuxDeviceProfileSelector
LogPluginManager: Mounting plugin LocationServicesBPLibrary
LogPluginManager: Mounting plugin MobilePatchingUtils
LogPluginManager: Mounting plugin OculusVR
LogPluginManager: Mounting plugin PhysXVehicles
LogPluginManager: Mounting plugin ProceduralMeshComponent
LogPluginManager: Mounting plugin RuntimePhysXCooking
LogPluginManager: Mounting plugin SignificanceManager
LogPluginManager: Mounting plugin SteamVR
LogPluginManager: Mounting plugin WebMMoviePlayer
LogPluginManager: Mounting plugin WindowsMoviePlayer
LogPluginManager: Mounting plugin ScreenshotTools
LogInit: Using libcurl 7.55.1-DEV
LogInit:  - built for x86_64-pc-win32
LogInit:  - supports SSL with OpenSSL/1.1.1
LogInit:  - supports HTTP deflate (compression) using libz 1.2.8
LogInit:  - other features:
LogInit:      CURL_VERSION_SSL
LogInit:      CURL_VERSION_LIBZ
LogInit:      CURL_VERSION_IPV6
LogInit:      CURL_VERSION_ASYNCHDNS
LogInit:      CURL_VERSION_LARGEFILE
LogInit:      CURL_VERSION_IDN
LogInit:  CurlRequestOptions (configurable via config and command line):
LogInit:  - bVerifyPeer = true  - Libcurl will verify peer certificate
LogInit:  - bUseHttpProxy = false  - Libcurl will NOT use HTTP proxy
LogInit:  - bDontReuseConnections = false  - Libcurl will reuse connections
LogInit:  - MaxHostConnections = 16  - Libcurl will limit the number of connections to a host
LogInit:  - LocalHostAddr = Default
LogInit:  - BufferSize = 65536
LogOnline: OSS: Creating online subsystem instance for: NULL
LogInit: WinSock: version 1.1 (2.2), MaxSocks=32767, MaxUdp=65467
LogInit: Build: ++UE4+Release-4.23-CL-9631420
LogInit: Engine Version: 4.23.1-9631420+++UE4+Release-4.23
LogInit: Compatible Engine Version: 4.23.0-8386587+++UE4+Release-4.23
LogInit: Net CL: 8386587
LogInit: OS: Windows 10 (Release 1903) (), CPU: Intel(R) Core(TM) i7-4790K CPU @ 4.00GHz, GPU: NVIDIA GeForce GTX 980
LogInit: Compiled (64-bit): Oct 18 2019 02:07:44
LogInit: Compiled with Visual C++: 19.16.27030.01
LogInit: Build Configuration: Development
LogInit: Branch Name: ++UE4+Release-4.23
LogInit: Command Line:  /Game/MagicRoom/VRController/VirtualRealityBP/Maps/MainScene -game -PIEVIACONSOLE -ResX=1280 -ResY=720 -Multiprocess -messaging -SessionName="Play in Standalone Game" -nohmd -windowed
LogInit: Base Directory: D:/Epic Games/UE_4.23/Engine/Binaries/Win64/
LogInit: Installed Engine Build: 1
LogDevObjectVersion: Number of dev versions registered: 23
LogDevObjectVersion:   Dev-Blueprints (B0D832E4-1F89-4F0D-ACCF-7EB736FD4AA2): 10
LogDevObjectVersion:   Dev-Build (E1C64328-A22C-4D53-A36C-8E866417BD8C): 0
LogDevObjectVersion:   Dev-Core (375EC13C-06E4-48FB-B500-84F0262A717E): 3
LogDevObjectVersion:   Dev-Editor (E4B068ED-F494-42E9-A231-DA0B2E46BB41): 34
LogDevObjectVersion:   Dev-Framework (CFFC743F-43B0-4480-9391-14DF171D2073): 35
LogDevObjectVersion:   Dev-Mobile (B02B49B5-BB20-44E9-A304-32B752E40360): 2
LogDevObjectVersion:   Dev-Networking (A4E4105C-59A1-49B5-A7C5-40C4547EDFEE): 0
LogDevObjectVersion:   Dev-Online (39C831C9-5AE6-47DC-9A44-9C173E1C8E7C): 0
LogDevObjectVersion:   Dev-Physics (78F01B33-EBEA-4F98-B9B4-84EACCB95AA2): 0
LogDevObjectVersion:   Dev-Platform (6631380F-2D4D-43E0-8009-CF276956A95A): 0
LogDevObjectVersion:   Dev-Rendering (12F88B9F-8875-4AFC-A67C-D90C383ABD29): 31
LogDevObjectVersion:   Dev-Sequencer (7B5AE74C-D270-4C10-A958-57980B212A5A): 11
LogDevObjectVersion:   Dev-VR (D7296918-1DD6-4BDD-9DE2-64A83CC13884): 2
LogDevObjectVersion:   Dev-LoadTimes (C2A15278-BFE7-4AFE-6C17-90FF531DF755): 1
LogDevObjectVersion:   Private-Geometry (6EACA3D4-40EC-4CC1-B786-8BED09428FC5): 3
LogDevObjectVersion:   Dev-AnimPhys (29E575DD-E0A3-4627-9D10-D276232CDCEA): 17
LogDevObjectVersion:   Dev-Anim (AF43A65D-7FD3-4947-9873-3E8ED9C1BB05): 2
LogDevObjectVersion:   Dev-ReflectionCapture (6B266CEC-1EC7-4B8F-A30B-E4D90942FC07): 1
LogDevObjectVersion:   Dev-Automation (0DF73D61-A23F-47EA-B727-89E90C41499A): 1
LogDevObjectVersion:   FortniteMain (601D1886-AC64-4F84-AA16-D3DE0DEAC7D6): 27
LogDevObjectVersion:   Dev-Enterprise (9DFFBCD6-494F-0158-E221-12823C92A888): 6
LogDevObjectVersion:   Dev-Niagara (F2AED0AC-9AFE-416F-8664-AA7FFA26D6FC): 1
LogDevObjectVersion:   Dev-Destruction (174F1F0B-B4C6-45A5-B13F-2EE8D0FB917D): 9
LogInit: Presizing for max 16777216 objects, including 0 objects not considered by GC, pre-allocating 0 bytes for permanent pool.
LogInit: Object subsystem initialized
LogConfig: Setting CVar [[con.DebugEarlyDefault:1]]
LogConfig: Setting CVar [[r.setres:1280x720]]
[2019.11.06-05.24.17:709][  0]LogConfig: Setting CVar [[con.DebugEarlyDefault:1]]
[2019.11.06-05.24.17:709][  0]LogConfig: Setting CVar [[r.setres:1280x720]]
[2019.11.06-05.24.17:709][  0]LogConfig: Applying CVar settings from Section [/Script/Engine.RendererSettings] File [C:/Users/VRLABDV/Desktop/MAGICROOM1/Saved/Config/Windows/Engine.ini]
[2019.11.06-05.24.17:709][  0]LogConfig: Setting CVar [[r.GPUCrashDebugging:0]]
[2019.11.06-05.24.17:709][  0]LogConfig: Setting CVar [[r.DefaultFeature.AmbientOcclusion:0]]
[2019.11.06-05.24.17:709][  0]LogConfig: Setting CVar [[r.DefaultFeature.AmbientOcclusionStaticFraction:0]]
[2019.11.06-05.24.17:709][  0]LogConfig: Setting CVar [[vr.InstancedStereo:1]]
[2019.11.06-05.24.17:709][  0]LogConfig: Setting CVar [[r.SeparateTranslucency:0]]
[2019.11.06-05.24.17:709][  0]LogConfig: Setting CVar [[r.HZBOcclusion:0]]
[2019.11.06-05.24.17:709][  0]LogConfig: Setting CVar [[r.SSR.MaxRoughness:0]]
[2019.11.06-05.24.17:709][  0]LogConfig: Setting CVar [[r.rhicmdbypass:0]]
[2019.11.06-05.24.17:709][  0]LogConfig: Applying CVar settings from Section [/Script/Engine.RendererOverrideSettings] File [C:/Users/VRLABDV/Desktop/MAGICROOM1/Saved/Config/Windows/Engine.ini]
[2019.11.06-05.24.17:709][  0]LogConfig: Applying CVar settings from Section [/Script/Engine.StreamingSettings] File [C:/Users/VRLABDV/Desktop/MAGICROOM1/Saved/Config/Windows/Engine.ini]
[2019.11.06-05.24.17:709][  0]LogConfig: Setting CVar [[s.MinBulkDataSizeForAsyncLoading:131072]]
[2019.11.06-05.24.17:709][  0]LogConfig: Setting CVar [[s.AsyncLoadingThreadEnabled:0]]
[2019.11.06-05.24.17:709][  0]LogConfig: Setting CVar [[s.EventDrivenLoaderEnabled:1]]
[2019.11.06-05.24.17:709][  0]LogConfig: Setting CVar [[s.WarnIfTimeLimitExceeded:0]]
[2019.11.06-05.24.17:709][  0]LogConfig: Setting CVar [[s.TimeLimitExceededMultiplier:1.5]]
[2019.11.06-05.24.17:709][  0]LogConfig: Setting CVar [[s.TimeLimitExceededMinTime:0.005]]
[2019.11.06-05.24.17:709][  0]LogConfig: Setting CVar [[s.UseBackgroundLevelStreaming:1]]
[2019.11.06-05.24.17:709][  0]LogConfig: Setting CVar [[s.PriorityAsyncLoadingExtraTime:15.0]]
[2019.11.06-05.24.17:709][  0]LogConfig: Setting CVar [[s.LevelStreamingActorsUpdateTimeLimit:5.0]]
[2019.11.06-05.24.17:709][  0]LogConfig: Setting CVar [[s.PriorityLevelStreamingActorsUpdateExtraTime:5.0]]
[2019.11.06-05.24.17:709][  0]LogConfig: Setting CVar [[s.LevelStreamingComponentsRegistrationGranularity:10]]
[2019.11.06-05.24.17:709][  0]LogConfig: Setting CVar [[s.UnregisterComponentsTimeLimit:1.0]]
[2019.11.06-05.24.17:709][  0]LogConfig: Setting CVar [[s.LevelStreamingComponentsUnregistrationGranularity:5]]
[2019.11.06-05.24.17:709][  0]LogConfig: Applying CVar settings from Section [/Script/Engine.GarbageCollectionSettings] File [C:/Users/VRLABDV/Desktop/MAGICROOM1/Saved/Config/Windows/Engine.ini]
[2019.11.06-05.24.17:709][  0]LogConfig: Setting CVar [[gc.MaxObjectsNotConsideredByGC:1]]
[2019.11.06-05.24.17:709][  0]LogConfig: Setting CVar [[gc.SizeOfPermanentObjectPool:0]]
[2019.11.06-05.24.17:709][  0]LogConfig: Setting CVar [[gc.FlushStreamingOnGC:0]]
[2019.11.06-05.24.17:709][  0]LogConfig: Setting CVar [[gc.NumRetriesBeforeForcingGC:10]]
[2019.11.06-05.24.17:709][  0]LogConfig: Setting CVar [[gc.AllowParallelGC:1]]
[2019.11.06-05.24.17:709][  0]LogConfig: Setting CVar [[gc.TimeBetweenPurgingPendingKillObjects:61.1]]
[2019.11.06-05.24.17:709][  0]LogConfig: Setting CVar [[gc.MaxObjectsInEditor:16777216]]
[2019.11.06-05.24.17:709][  0]LogConfig: Setting CVar [[gc.IncrementalBeginDestroyEnabled:1]]
[2019.11.06-05.24.17:709][  0]LogConfig: Setting CVar [[gc.CreateGCClusters:1]]
[2019.11.06-05.24.17:709][  0]LogConfig: Setting CVar [[gc.MinGCClusterSize:5]]
[2019.11.06-05.24.17:709][  0]LogConfig: Setting CVar [[gc.ActorClusteringEnabled:0]]
[2019.11.06-05.24.17:709][  0]LogConfig: Setting CVar [[gc.BlueprintClusteringEnabled:0]]
[2019.11.06-05.24.17:709][  0]LogConfig: Setting CVar [[gc.UseDisregardForGCOnDedicatedServers:0]]
[2019.11.06-05.24.17:709][  0]LogConfig: Applying CVar settings from Section [/Script/Engine.NetworkSettings] File [C:/Users/VRLABDV/Desktop/MAGICROOM1/Saved/Config/Windows/Engine.ini]
[2019.11.06-05.24.17:709][  0]LogConfig: Applying CVar settings from Section [/Script/UnrealEd.CookerSettings] File [C:/Users/VRLABDV/Desktop/MAGICROOM1/Saved/Config/Windows/Engine.ini]
[2019.11.06-05.24.17:712][  0]LogConfig: Applying CVar settings from Section [ViewDistanceQuality@3] File [C:/Users/VRLABDV/Desktop/MAGICROOM1/Saved/Config/Windows/Scalability.ini]
[2019.11.06-05.24.17:712][  0]LogConfig: Setting CVar [[r.SkeletalMeshLODBias:0]]
[2019.11.06-05.24.17:712][  0]LogConfig: Setting CVar [[r.ViewDistanceScale:1.0]]
[2019.11.06-05.24.17:712][  0]LogConfig: Applying CVar settings from Section [AntiAliasingQuality@3] File [C:/Users/VRLABDV/Desktop/MAGICROOM1/Saved/Config/Windows/Scalability.ini]
[2019.11.06-05.24.17:712][  0]LogConfig: Setting CVar [[r.PostProcessAAQuality:3]]
[2019.11.06-05.24.17:712][  0]LogConfig: Applying CVar settings from Section [ShadowQuality@3] File [C:/Users/VRLABDV/Desktop/MAGICROOM1/Saved/Config/Windows/Scalability.ini]
[2019.11.06-05.24.17:712][  0]LogConfig: Setting CVar [[r.LightFunctionQuality:1]]
[2019.11.06-05.24.17:712][  0]LogConfig: Setting CVar [[r.ShadowQuality:5]]
[2019.11.06-05.24.17:712][  0]LogConfig: Setting CVar [[r.Shadow.CSM.MaxCascades:10]]
[2019.11.06-05.24.17:712][  0]LogConfig: Setting CVar [[r.Shadow.MaxResolution:2048]]
[2019.11.06-05.24.17:712][  0]LogConfig: Setting CVar [[r.Shadow.MaxCSMResolution:2048]]
[2019.11.06-05.24.17:712][  0]LogConfig: Setting CVar [[r.Shadow.RadiusThreshold:0.01]]
[2019.11.06-05.24.17:712][  0]LogConfig: Setting CVar [[r.Shadow.DistanceScale:1.0]]
[2019.11.06-05.24.17:712][  0]LogConfig: Setting CVar [[r.Shadow.CSM.TransitionScale:1.0]]
[2019.11.06-05.24.17:712][  0]LogConfig: Setting CVar [[r.Shadow.PreShadowResolutionFactor:1.0]]
[2019.11.06-05.24.17:712][  0]LogConfig: Setting CVar [[r.DistanceFieldShadowing:1]]
[2019.11.06-05.24.17:712][  0]LogConfig: Setting CVar [[r.DistanceFieldAO:1]]
[2019.11.06-05.24.17:712][  0]LogConfig: Setting CVar [[r.AOQuality:2]]
[2019.11.06-05.24.17:712][  0]LogConfig: Setting CVar [[r.VolumetricFog:1]]
[2019.11.06-05.24.17:712][  0]LogConfig: Setting CVar [[r.VolumetricFog.GridPixelSize:8]]
[2019.11.06-05.24.17:712][  0]LogConfig: Setting CVar [[r.VolumetricFog.GridSizeZ:128]]
[2019.11.06-05.24.17:712][  0]LogConfig: Setting CVar [[r.VolumetricFog.HistoryMissSupersampleCount:4]]
[2019.11.06-05.24.17:712][  0]LogConfig: Setting CVar [[r.LightMaxDrawDistanceScale:1]]
[2019.11.06-05.24.17:712][  0]LogConfig: Setting CVar [[r.CapsuleShadows:1]]
[2019.11.06-05.24.17:712][  0]LogConfig: Applying CVar settings from Section [PostProcessQuality@3] File [C:/Users/VRLABDV/Desktop/MAGICROOM1/Saved/Config/Windows/Scalability.ini]
[2019.11.06-05.24.17:712][  0]LogConfig: Setting CVar [[r.MotionBlurQuality:0]]
[2019.11.06-05.24.17:712][  0]LogConfig: Setting CVar [[r.AmbientOcclusionMipLevelFactor:0.4]]
[2019.11.06-05.24.17:712][  0]LogConfig: Setting CVar [[r.AmbientOcclusionMaxQuality:100]]
[2019.11.06-05.24.17:712][  0]LogConfig: Setting CVar [[r.AmbientOcclusionLevels:0]]
[2019.11.06-05.24.17:712][  0]LogConfig: Setting CVar [[r.AmbientOcclusionRadiusScale:1.0]]
[2019.11.06-05.24.17:712][  0]LogConfig: Setting CVar [[r.DepthOfFieldQuality:0]]
[2019.11.06-05.24.17:712][  0]LogConfig: Setting CVar [[r.RenderTargetPoolMin:400]]
[2019.11.06-05.24.17:712][  0]LogConfig: Setting CVar [[r.LensFlareQuality:0]]
[2019.11.06-05.24.17:712][  0]LogConfig: Setting CVar [[r.SceneColorFringeQuality:0]]
[2019.11.06-05.24.17:712][  0]LogConfig: Setting CVar [[r.EyeAdaptationQuality:2]]
[2019.11.06-05.24.17:712][  0]LogConfig: Setting CVar [[r.BloomQuality:1]]
[2019.11.06-05.24.17:712][  0]LogConfig: Setting CVar [[r.FastBlurThreshold:0]]
[2019.11.06-05.24.17:712][  0]LogConfig: Setting CVar [[r.Upscale.Quality:3]]
[2019.11.06-05.24.17:712][  0]LogConfig: Setting CVar [[r.Tonemapper.GrainQuantization:1]]
[2019.11.06-05.24.17:712][  0]LogConfig: Setting CVar [[r.LightShaftQuality:1]]
[2019.11.06-05.24.17:712][  0]LogConfig: Setting CVar [[r.Filter.SizeScale:1]]
[2019.11.06-05.24.17:712][  0]LogConfig: Setting CVar [[r.Tonemapper.Quality:5]]
[2019.11.06-05.24.17:712][  0]LogConfig: Setting CVar [[r.DOF.Gather.AccumulatorQuality:1        ; higher gathering accumulator quality]]
[2019.11.06-05.24.17:712][  0]LogConfig: Setting CVar [[r.DOF.Gather.PostfilterMethod:1          ; Median3x3 postfilering method]]
[2019.11.06-05.24.17:712][  0]LogConfig: Setting CVar [[r.DOF.Gather.EnableBokehSettings:0       ; no bokeh simulation when gathering]]
[2019.11.06-05.24.17:712][  0]LogConfig: Setting CVar [[r.DOF.Gather.RingCount:4                 ; medium number of samples when gathering]]
[2019.11.06-05.24.17:712][  0]LogConfig: Setting CVar [[r.DOF.Scatter.ForegroundCompositing:1    ; additive foreground scattering]]
[2019.11.06-05.24.17:712][  0]LogConfig: Setting CVar [[r.DOF.Scatter.BackgroundCompositing:2    ; additive background scattering]]
[2019.11.06-05.24.17:712][  0]LogConfig: Setting CVar [[r.DOF.Scatter.EnableBokehSettings:1      ; bokeh simulation when scattering]]
[2019.11.06-05.24.17:712][  0]LogConfig: Setting CVar [[r.DOF.Scatter.MaxSpriteRatio:0.1         ; only a maximum of 10% of scattered bokeh]]
[2019.11.06-05.24.17:712][  0]LogConfig: Setting CVar [[r.DOF.Recombine.Quality:1                ; cheap slight out of focus]]
[2019.11.06-05.24.17:712][  0]LogConfig: Setting CVar [[r.DOF.Recombine.EnableBokehSettings:0    ; no bokeh simulation on slight out of focus]]
[2019.11.06-05.24.17:712][  0]LogConfig: Setting CVar [[r.DOF.TemporalAAQuality:1                ; more stable temporal accumulation]]
[2019.11.06-05.24.17:712][  0]LogConfig: Setting CVar [[r.DOF.Kernel.MaxForegroundRadius:0.025]]
[2019.11.06-05.24.17:712][  0]LogConfig: Setting CVar [[r.DOF.Kernel.MaxBackgroundRadius:0.025]]
[2019.11.06-05.24.17:712][  0]LogConfig: Applying CVar settings from Section [TextureQuality@3] File [C:/Users/VRLABDV/Desktop/MAGICROOM1/Saved/Config/Windows/Scalability.ini]
[2019.11.06-05.24.17:712][  0]LogConfig: Setting CVar [[r.Streaming.MipBias:0]]
[2019.11.06-05.24.17:713][  0]LogConfig: Setting CVar [[r.Streaming.AmortizeCPUToGPUCopy:0]]
[2019.11.06-05.24.17:713][  0]LogConfig: Setting CVar [[r.Streaming.MaxNumTexturesToStreamPerFrame:0]]
[2019.11.06-05.24.17:713][  0]LogConfig: Setting CVar [[r.Streaming.Boost:1]]
[2019.11.06-05.24.17:713][  0]LogConfig: Setting CVar [[r.MaxAnisotropy:8]]
[2019.11.06-05.24.17:713][  0]LogConfig: Setting CVar [[r.Streaming.LimitPoolSizeToVRAM:0]]
[2019.11.06-05.24.17:713][  0]LogConfig: Setting CVar [[r.Streaming.PoolSize:1000]]
[2019.11.06-05.24.17:713][  0]LogConfig: Setting CVar [[r.Streaming.MaxEffectiveScreenSize:0]]
[2019.11.06-05.24.17:713][  0]LogConfig: Applying CVar settings from Section [EffectsQuality@3] File [C:/Users/VRLABDV/Desktop/MAGICROOM1/Saved/Config/Windows/Scalability.ini]
[2019.11.06-05.24.17:713][  0]LogConfig: Setting CVar [[r.TranslucencyLightingVolumeDim:4]]
[2019.11.06-05.24.17:713][  0]LogConfig: Setting CVar [[r.RefractionQuality:2]]
[2019.11.06-05.24.17:713][  0]LogConfig: Setting CVar [[r.SSR.Quality:0]]
[2019.11.06-05.24.17:713][  0]LogConfig: Setting CVar [[r.SceneColorFormat:2]]
[2019.11.06-05.24.17:713][  0]LogConfig: Setting CVar [[r.DetailMode:2]]
[2019.11.06-05.24.17:713][  0]LogConfig: Setting CVar [[r.TranslucencyVolumeBlur:0]]
[2019.11.06-05.24.17:713][  0]LogConfig: Setting CVar [[r.MaterialQualityLevel:1 ; High quality]]
[2019.11.06-05.24.17:713][  0]LogConfig: Setting CVar [[r.SSS.Scale:1]]
[2019.11.06-05.24.17:713][  0]LogConfig: Setting CVar [[r.SSS.SampleSet:2]]
[2019.11.06-05.24.17:713][  0]LogConfig: Setting CVar [[r.SSS.Quality:1]]
[2019.11.06-05.24.17:713][  0]LogConfig: Setting CVar [[r.SSS.HalfRes:1]]
[2019.11.06-05.24.17:713][  0]LogConfig: Setting CVar [[r.EmitterSpawnRateScale:1.0]]
[2019.11.06-05.24.17:713][  0]LogConfig: Setting CVar [[r.ParticleLightQuality:2]]
[2019.11.06-05.24.17:713][  0]LogConfig: Applying CVar settings from Section [FoliageQuality@3] File [C:/Users/VRLABDV/Desktop/MAGICROOM1/Saved/Config/Windows/Scalability.ini]
[2019.11.06-05.24.17:713][  0]LogConfig: Setting CVar [[foliage.DensityScale:1.0]]
[2019.11.06-05.24.17:713][  0]LogConfig: Setting CVar [[grass.DensityScale:1.0]]
[2019.11.06-05.24.17:713][  0]LogInit: Selected Device Profile: [Windows]
[2019.11.06-05.24.17:713][  0]LogInit: Applying CVar settings loaded from the selected device profile: [Windows]
[2019.11.06-05.24.17:716][  0]LogHAL: Display: Platform has ~ 16 GB [17121132544 / 17179869184 / 16], which maps to Larger [LargestMinGB=32, LargerMinGB=12, DefaultMinGB=8, SmallerMinGB=6, SmallestMinGB=0)
[2019.11.06-05.24.17:716][  0]LogInit: Going up to parent DeviceProfile []
[2019.11.06-05.24.17:716][  0]LogConfig: Applying CVar settings from Section [ViewDistanceQuality@3] File [C:/Users/VRLABDV/Desktop/MAGICROOM1/Saved/Config/Windows/Scalability.ini]
[2019.11.06-05.24.17:716][  0]LogConfig: Setting CVar [[r.SkeletalMeshLODBias:0]]
[2019.11.06-05.24.17:716][  0]LogConfig: Setting CVar [[r.ViewDistanceScale:1.0]]
[2019.11.06-05.24.17:716][  0]LogConfig: Applying CVar settings from Section [AntiAliasingQuality@3] File [C:/Users/VRLABDV/Desktop/MAGICROOM1/Saved/Config/Windows/Scalability.ini]
[2019.11.06-05.24.17:716][  0]LogConfig: Setting CVar [[r.PostProcessAAQuality:3]]
[2019.11.06-05.24.17:716][  0]LogConfig: Applying CVar settings from Section [ShadowQuality@3] File [C:/Users/VRLABDV/Desktop/MAGICROOM1/Saved/Config/Windows/Scalability.ini]
[2019.11.06-05.24.17:716][  0]LogConfig: Setting CVar [[r.LightFunctionQuality:1]]
[2019.11.06-05.24.17:716][  0]LogConfig: Setting CVar [[r.ShadowQuality:5]]
[2019.11.06-05.24.17:716][  0]LogConfig: Setting CVar [[r.Shadow.CSM.MaxCascades:10]]
[2019.11.06-05.24.17:716][  0]LogConfig: Setting CVar [[r.Shadow.MaxResolution:2048]]
[2019.11.06-05.24.17:716][  0]LogConfig: Setting CVar [[r.Shadow.MaxCSMResolution:2048]]
[2019.11.06-05.24.17:716][  0]LogConfig: Setting CVar [[r.Shadow.RadiusThreshold:0.01]]
[2019.11.06-05.24.17:716][  0]LogConfig: Setting CVar [[r.Shadow.DistanceScale:1.0]]
[2019.11.06-05.24.17:716][  0]LogConfig: Setting CVar [[r.Shadow.CSM.TransitionScale:1.0]]
[2019.11.06-05.24.17:716][  0]LogConfig: Setting CVar [[r.Shadow.PreShadowResolutionFactor:1.0]]
[2019.11.06-05.24.17:716][  0]LogConfig: Setting CVar [[r.DistanceFieldShadowing:1]]
[2019.11.06-05.24.17:716][  0]LogConfig: Setting CVar [[r.DistanceFieldAO:1]]
[2019.11.06-05.24.17:716][  0]LogConfig: Setting CVar [[r.AOQuality:2]]
[2019.11.06-05.24.17:716][  0]LogConfig: Setting CVar [[r.VolumetricFog:1]]
[2019.11.06-05.24.17:716][  0]LogConfig: Setting CVar [[r.VolumetricFog.GridPixelSize:8]]
[2019.11.06-05.24.17:716][  0]LogConfig: Setting CVar [[r.VolumetricFog.GridSizeZ:128]]
[2019.11.06-05.24.17:716][  0]LogConfig: Setting CVar [[r.VolumetricFog.HistoryMissSupersampleCount:4]]
[2019.11.06-05.24.17:716][  0]LogConfig: Setting CVar [[r.LightMaxDrawDistanceScale:1]]
[2019.11.06-05.24.17:716][  0]LogConfig: Setting CVar [[r.CapsuleShadows:1]]
[2019.11.06-05.24.17:716][  0]LogConfig: Applying CVar settings from Section [PostProcessQuality@3] File [C:/Users/VRLABDV/Desktop/MAGICROOM1/Saved/Config/Windows/Scalability.ini]
[2019.11.06-05.24.17:716][  0]LogConfig: Setting CVar [[r.MotionBlurQuality:0]]
[2019.11.06-05.24.17:716][  0]LogConfig: Setting CVar [[r.AmbientOcclusionMipLevelFactor:0.4]]
[2019.11.06-05.24.17:716][  0]LogConfig: Setting CVar [[r.AmbientOcclusionMaxQuality:100]]
[2019.11.06-05.24.17:716][  0]LogConfig: Setting CVar [[r.AmbientOcclusionLevels:0]]
[2019.11.06-05.24.17:716][  0]LogConfig: Setting CVar [[r.AmbientOcclusionRadiusScale:1.0]]
[2019.11.06-05.24.17:716][  0]LogConfig: Setting CVar [[r.DepthOfFieldQuality:0]]
[2019.11.06-05.24.17:716][  0]LogConfig: Setting CVar [[r.RenderTargetPoolMin:400]]
[2019.11.06-05.24.17:716][  0]LogConfig: Setting CVar [[r.LensFlareQuality:0]]
[2019.11.06-05.24.17:716][  0]LogConfig: Setting CVar [[r.SceneColorFringeQuality:0]]
[2019.11.06-05.24.17:716][  0]LogConfig: Setting CVar [[r.EyeAdaptationQuality:2]]
[2019.11.06-05.24.17:716][  0]LogConfig: Setting CVar [[r.BloomQuality:1]]
[2019.11.06-05.24.17:716][  0]LogConfig: Setting CVar [[r.FastBlurThreshold:0]]
[2019.11.06-05.24.17:716][  0]LogConfig: Setting CVar [[r.Upscale.Quality:3]]
[2019.11.06-05.24.17:716][  0]LogConfig: Setting CVar [[r.Tonemapper.GrainQuantization:1]]
[2019.11.06-05.24.17:716][  0]LogConfig: Setting CVar [[r.LightShaftQuality:1]]
[2019.11.06-05.24.17:716][  0]LogConfig: Setting CVar [[r.Filter.SizeScale:1]]
[2019.11.06-05.24.17:716][  0]LogConfig: Setting CVar [[r.Tonemapper.Quality:5]]
[2019.11.06-05.24.17:716][  0]LogConfig: Setting CVar [[r.DOF.Gather.AccumulatorQuality:1        ; higher gathering accumulator quality]]
[2019.11.06-05.24.17:716][  0]LogConfig: Setting CVar [[r.DOF.Gather.PostfilterMethod:1          ; Median3x3 postfilering method]]
[2019.11.06-05.24.17:716][  0]LogConfig: Setting CVar [[r.DOF.Gather.EnableBokehSettings:0       ; no bokeh simulation when gathering]]
[2019.11.06-05.24.17:716][  0]LogConfig: Setting CVar [[r.DOF.Gather.RingCount:4                 ; medium number of samples when gathering]]
[2019.11.06-05.24.17:716][  0]LogConfig: Setting CVar [[r.DOF.Scatter.ForegroundCompositing:1    ; additive foreground scattering]]
[2019.11.06-05.24.17:716][  0]LogConfig: Setting CVar [[r.DOF.Scatter.BackgroundCompositing:2    ; additive background scattering]]
[2019.11.06-05.24.17:716][  0]LogConfig: Setting CVar [[r.DOF.Scatter.EnableBokehSettings:1      ; bokeh simulation when scattering]]
[2019.11.06-05.24.17:716][  0]LogConfig: Setting CVar [[r.DOF.Scatter.MaxSpriteRatio:0.1         ; only a maximum of 10% of scattered bokeh]]
[2019.11.06-05.24.17:716][  0]LogConfig: Setting CVar [[r.DOF.Recombine.Quality:1                ; cheap slight out of focus]]
[2019.11.06-05.24.17:716][  0]LogConfig: Setting CVar [[r.DOF.Recombine.EnableBokehSettings:0    ; no bokeh simulation on slight out of focus]]
[2019.11.06-05.24.17:716][  0]LogConfig: Setting CVar [[r.DOF.TemporalAAQuality:1                ; more stable temporal accumulation]]
[2019.11.06-05.24.17:716][  0]LogConfig: Setting CVar [[r.DOF.Kernel.MaxForegroundRadius:0.025]]
[2019.11.06-05.24.17:716][  0]LogConfig: Setting CVar [[r.DOF.Kernel.MaxBackgroundRadius:0.025]]
[2019.11.06-05.24.17:716][  0]LogConfig: Applying CVar settings from Section [TextureQuality@3] File [C:/Users/VRLABDV/Desktop/MAGICROOM1/Saved/Config/Windows/Scalability.ini]
[2019.11.06-05.24.17:716][  0]LogConfig: Setting CVar [[r.Streaming.MipBias:0]]
[2019.11.06-05.24.17:716][  0]LogConfig: Setting CVar [[r.Streaming.AmortizeCPUToGPUCopy:0]]
[2019.11.06-05.24.17:716][  0]LogConfig: Setting CVar [[r.Streaming.MaxNumTexturesToStreamPerFrame:0]]
[2019.11.06-05.24.17:716][  0]LogConfig: Setting CVar [[r.Streaming.Boost:1]]
[2019.11.06-05.24.17:716][  0]LogConfig: Setting CVar [[r.MaxAnisotropy:8]]
[2019.11.06-05.24.17:716][  0]LogConfig: Setting CVar [[r.Streaming.LimitPoolSizeToVRAM:0]]
[2019.11.06-05.24.17:716][  0]LogConfig: Setting CVar [[r.Streaming.PoolSize:1000]]
[2019.11.06-05.24.17:716][  0]LogConfig: Setting CVar [[r.Streaming.MaxEffectiveScreenSize:0]]
[2019.11.06-05.24.17:717][  0]LogConfig: Applying CVar settings from Section [EffectsQuality@3] File [C:/Users/VRLABDV/Desktop/MAGICROOM1/Saved/Config/Windows/Scalability.ini]
[2019.11.06-05.24.17:717][  0]LogConfig: Setting CVar [[r.TranslucencyLightingVolumeDim:4]]
[2019.11.06-05.24.17:717][  0]LogConfig: Setting CVar [[r.RefractionQuality:2]]
[2019.11.06-05.24.17:717][  0]LogConfig: Setting CVar [[r.SSR.Quality:0]]
[2019.11.06-05.24.17:717][  0]LogConfig: Setting CVar [[r.SceneColorFormat:2]]
[2019.11.06-05.24.17:717][  0]LogConfig: Setting CVar [[r.DetailMode:2]]
[2019.11.06-05.24.17:717][  0]LogConfig: Setting CVar [[r.TranslucencyVolumeBlur:0]]
[2019.11.06-05.24.17:717][  0]LogConfig: Setting CVar [[r.MaterialQualityLevel:1 ; High quality]]
[2019.11.06-05.24.17:717][  0]LogConfig: Setting CVar [[r.SSS.Scale:1]]
[2019.11.06-05.24.17:717][  0]LogConfig: Setting CVar [[r.SSS.SampleSet:2]]
[2019.11.06-05.24.17:717][  0]LogConfig: Setting CVar [[r.SSS.Quality:1]]
[2019.11.06-05.24.17:717][  0]LogConfig: Setting CVar [[r.SSS.HalfRes:1]]
[2019.11.06-05.24.17:717][  0]LogConfig: Setting CVar [[r.EmitterSpawnRateScale:1.0]]
[2019.11.06-05.24.17:717][  0]LogConfig: Setting CVar [[r.ParticleLightQuality:2]]
[2019.11.06-05.24.17:717][  0]LogConfig: Applying CVar settings from Section [FoliageQuality@3] File [C:/Users/VRLABDV/Desktop/MAGICROOM1/Saved/Config/Windows/Scalability.ini]
[2019.11.06-05.24.17:717][  0]LogConfig: Setting CVar [[foliage.DensityScale:1.0]]
[2019.11.06-05.24.17:717][  0]LogConfig: Setting CVar [[grass.DensityScale:1.0]]
[2019.11.06-05.24.17:717][  0]LogConfig: Applying CVar settings from Section [Startup] File [../../../Engine/Config/ConsoleVariables.ini]
[2019.11.06-05.24.17:717][  0]LogConfig: Setting CVar [[net.UseAdaptiveNetUpdateFrequency:0]]
[2019.11.06-05.24.17:717][  0]LogConfig: Setting CVar [[p.chaos.AllowCreatePhysxBodies:1]]
[2019.11.06-05.24.17:717][  0]LogConfig: Applying CVar settings from Section [ConsoleVariables] File [C:/Users/VRLABDV/Desktop/MAGICROOM1/Saved/Config/Windows/Engine.ini]
[2019.11.06-05.24.17:717][  0]LogInit: Computer: DESKTOP-D9LTVNE
[2019.11.06-05.24.17:717][  0]LogInit: User: VRLABDV
[2019.11.06-05.24.17:717][  0]LogInit: CPU Page size=4096, Cores=4
[2019.11.06-05.24.17:717][  0]LogInit: High frequency timer resolution =10.000000 MHz
[2019.11.06-05.24.17:717][  0]LogMemory: Memory total: Physical=15.9GB (16GB approx)
[2019.11.06-05.24.17:717][  0]LogMemory: Platform Memory Stats for Windows
[2019.11.06-05.24.17:717][  0]LogMemory: Process Physical Memory: 100.95 MB used, 100.96 MB peak
[2019.11.06-05.24.17:717][  0]LogMemory: Process Virtual Memory: 100.53 MB used, 100.53 MB peak
[2019.11.06-05.24.17:717][  0]LogMemory: Physical Memory: 6631.21 MB used,  9696.78 MB free, 16327.98 MB total
[2019.11.06-05.24.17:717][  0]LogMemory: Virtual Memory: 4668.50 MB used,  134213056.00 MB free, 134217728.00 MB total
[2019.11.06-05.24.17:719][  0]LogWindows: WindowsPlatformFeatures enabled
[2019.11.06-05.24.17:734][  0]LogInit: Using OS detected language (ru-RU).
[2019.11.06-05.24.17:734][  0]LogInit: Using OS detected locale (ru-RU).
[2019.11.06-05.24.17:734][  0]LogTextLocalizationManager: No specific localization for 'ru-RU' exists, so the 'ru' localization will be used.
[2019.11.06-05.24.17:734][  0]LogTextLocalizationResource: LocRes '../../../Engine/Content/Localization/Editor/ru/Editor.locres' could not be opened for reading!
[2019.11.06-05.24.17:734][  0]LogTextLocalizationResource: LocRes '../../../Engine/Content/Localization/EditorTutorials/ru/EditorTutorials.locres' could not be opened for reading!
[2019.11.06-05.24.17:734][  0]LogTextLocalizationResource: LocRes '../../../Engine/Content/Localization/Keywords/ru/Keywords.locres' could not be opened for reading!
[2019.11.06-05.24.17:735][  0]LogTextLocalizationResource: LocRes '../../../Engine/Content/Localization/Category/ru/Category.locres' could not be opened for reading!
[2019.11.06-05.24.17:735][  0]LogTextLocalizationResource: LocRes '../../../Engine/Content/Localization/ToolTips/ru/ToolTips.locres' could not be opened for reading!
[2019.11.06-05.24.17:735][  0]LogTextLocalizationResource: LocRes '../../../Engine/Content/Localization/PropertyNames/ru/PropertyNames.locres' could not be opened for reading!
[2019.11.06-05.24.17:735][  0]LogTextLocalizationResource: LocRes '../../../Engine/Content/Localization/Engine/ru/Engine.locres' could not be opened for reading!
[2019.11.06-05.24.17:752][  0]LogSlate: New Slate User Created.  User Index 0, Is Virtual User: 0
[2019.11.06-05.24.17:752][  0]LogSlate: Slate User Registered.  User Index 0, Is Virtual User: 0
[2019.11.06-05.24.17:759][  0]LogD3D11RHI: D3D11 adapters:
[2019.11.06-05.24.17:802][  0]LogD3D11RHI:    0. 'NVIDIA GeForce GTX 980' (Feature Level 11_0)
[2019.11.06-05.24.17:802][  0]LogD3D11RHI:       4053/0/8163 MB DedicatedVideo/DedicatedSystem/SharedSystem, Outputs:1, VendorId:0x10de
[2019.11.06-05.24.17:804][  0]LogD3D11RHI:    1. 'Microsoft Basic Render Driver' (Feature Level 11_0)
[2019.11.06-05.24.17:804][  0]LogD3D11RHI:       0/0/8163 MB DedicatedVideo/DedicatedSystem/SharedSystem, Outputs:0, VendorId:0x1414
[2019.11.06-05.24.17:804][  0]LogD3D11RHI: Chosen D3D11 Adapter: 0
[2019.11.06-05.24.17:810][  0]LogD3D11RHI: Creating new Direct3DDevice
[2019.11.06-05.24.17:810][  0]LogD3D11RHI:     GPU DeviceId: 0x13c0 (for the marketing name, search the web for "GPU Device Id")
[2019.11.06-05.24.17:810][  0]LogWindows: EnumDisplayDevices:
[2019.11.06-05.24.17:810][  0]LogWindows:    0. 'NVIDIA GeForce GTX 980' (P:1 D:1)
[2019.11.06-05.24.17:811][  0]LogWindows:    1. 'NVIDIA GeForce GTX 980' (P:0 D:0)
[2019.11.06-05.24.17:811][  0]LogWindows:    2. 'NVIDIA GeForce GTX 980' (P:0 D:0)
[2019.11.06-05.24.17:811][  0]LogWindows:    3. 'NVIDIA GeForce GTX 980' (P:0 D:0)
[2019.11.06-05.24.17:811][  0]LogWindows: DebugString: FoundDriverCount:4 
[2019.11.06-05.24.17:811][  0]LogD3D11RHI:     Adapter Name: NVIDIA GeForce GTX 980
[2019.11.06-05.24.17:811][  0]LogD3D11RHI:   Driver Version: 399.24 (internal:24.21.13.9924, unified:399.24)
[2019.11.06-05.24.17:811][  0]LogD3D11RHI:      Driver Date: 9-5-2018
[2019.11.06-05.24.17:811][  0]LogRHI: Texture pool is 2837 MB (70% of 4053 MB)
[2019.11.06-05.24.17:848][  0]LogD3D11RHI: Async texture creation enabled
[2019.11.06-05.24.17:864][  0]LogD3D11RHI: GPU Timing Frequency: 1000.000000 (Debug: 2 2)
[2019.11.06-05.24.18:155][  0]LogTemp: Display: Module 'WindowsClientTargetPlatform' loaded TargetPlatform 'WindowsClient'
[2019.11.06-05.24.18:161][  0]LogTemp: Display: Module 'WindowsNoEditorTargetPlatform' loaded TargetPlatform 'WindowsNoEditor'
[2019.11.06-05.24.18:167][  0]LogTemp: Display: Module 'WindowsServerTargetPlatform' loaded TargetPlatform 'WindowsServer'
[2019.11.06-05.24.18:170][  0]LogTemp: Display: Module 'WindowsTargetPlatform' loaded TargetPlatform 'Windows'
[2019.11.06-05.24.18:170][  0]LogTargetPlatformManager: Display: Building Assets For Windows
[2019.11.06-05.24.18:175][  0]LogAudioDebug: Display: Lib vorbis DLL was dynamically loaded.
[2019.11.06-05.24.18:203][  0]LogShaderCompilers: Guid format shader working directory is 13 characters bigger than the processId version (C:/Users/VRLABDV/Desktop/MAGICROOM1/Intermediate/Shaders/WorkingDirectory/8856/).
[2019.11.06-05.24.18:203][  0]LogShaderCompilers: Cleaned the shader compiler working directory 'C:/Users/VRLABDV/AppData/Local/Temp/UnrealShaderWorkingDir/395F3B1641C9B8496ED8F28CAB2616FD/'.
[2019.11.06-05.24.18:205][  0]LogXGEController: Cannot use XGE Controller as Incredibuild is not installed on this machine.
[2019.11.06-05.24.18:205][  0]LogShaderCompilers: Cannot use XGE Shader Compiler as Incredibuild is not installed on this machine.
[2019.11.06-05.24.18:205][  0]LogShaderCompilers: Display: Using Local Shader Compiler.
[2019.11.06-05.24.18:720][  0]LogDerivedDataCache: Display: Max Cache Size: 512 MB
[2019.11.06-05.24.18:773][  0]LogDerivedDataCache: Loaded boot cache 0.05s 93MB C:/Users/VRLABDV/AppData/Local/UnrealEngine/4.23/DerivedDataCache/Boot.ddc.
[2019.11.06-05.24.18:773][  0]LogDerivedDataCache: Display: Loaded Boot cache: C:/Users/VRLABDV/AppData/Local/UnrealEngine/4.23/DerivedDataCache/Boot.ddc
[2019.11.06-05.24.18:773][  0]LogDerivedDataCache: FDerivedDataBackendGraph:  Pak pak cache file C:/Users/VRLABDV/Desktop/MAGICROOM1/DerivedDataCache/DDC.ddp not found, will not use a pak cache.
[2019.11.06-05.24.18:773][  0]LogDerivedDataCache: Unable to find inner node Pak for hierarchical cache Hierarchy.
[2019.11.06-05.24.18:773][  0]LogDerivedDataCache: FDerivedDataBackendGraph:  CompressedPak pak cache file C:/Users/VRLABDV/Desktop/MAGICROOM1/DerivedDataCache/Compressed.ddp not found, will not use a pak cache.
[2019.11.06-05.24.18:773][  0]LogDerivedDataCache: Unable to find inner node CompressedPak for hierarchical cache Hierarchy.
[2019.11.06-05.24.18:783][  0]LogDerivedDataCache: Display: Pak cache opened for reading ../../../Engine/DerivedDataCache/Compressed.ddp.
[2019.11.06-05.24.18:783][  0]LogDerivedDataCache: FDerivedDataBackendGraph:  EnterprisePak pak cache file ../../../Enterprise/DerivedDataCache/Compressed.ddp not found, will not use a pak cache.
[2019.11.06-05.24.18:783][  0]LogDerivedDataCache: Unable to find inner node EnterprisePak for hierarchical cache Hierarchy.
[2019.11.06-05.24.18:784][  0]LogDerivedDataCache: Using Local data cache path C:/Users/VRLABDV/AppData/Local/UnrealEngine/Common/DerivedDataCache: Writable
[2019.11.06-05.24.18:784][  0]LogDerivedDataCache: Shared data cache path not found in *engine.ini, will not use an Shared cache.
[2019.11.06-05.24.18:784][  0]LogDerivedDataCache: Unable to find inner node Shared for hierarchical cache Hierarchy.
[2019.11.06-05.24.18:803][  0]LogMaterial: Verifying Global Shaders for PCD3D_SM5
[2019.11.06-05.24.18:805][  0]LogSlate: Using FreeType 2.6.0
[2019.11.06-05.24.18:806][  0]LogSlate: SlateFontServices - WITH_FREETYPE: 1, WITH_HARFBUZZ: 1
[2019.11.06-05.24.18:897][  0]LogInit: Using OS detected language (ru-RU).
[2019.11.06-05.24.18:897][  0]LogInit: Using OS detected locale (ru-RU).
[2019.11.06-05.24.18:897][  0]LogTextLocalizationManager: No localization for 'ru-RU' exists, so 'en' will be used for the language.
[2019.11.06-05.24.18:897][  0]LogTextLocalizationManager: No localization for 'ru-RU' exists, so 'en' will be used for the locale.
[2019.11.06-05.24.18:897][  0]LogSlate: FontCache flush requested. Reason: Culture for localization was changed
[2019.11.06-05.24.18:897][  0]LogSlate: FontCache flush requested. Reason: Culture for localization was changed
[2019.11.06-05.24.18:897][  0]LogTextLocalizationManager: Compacting localization data took   0.00ms
[2019.11.06-05.24.18:900][  0]LogAssetRegistry: FAssetRegistry took 0.0013 seconds to start up
[2019.11.06-05.24.19:073][  0]LogPackageLocalizationCache: Processed 12 localized package path(s) for 1 prioritized culture(s) in 0.000452 seconds
[2019.11.06-05.24.19:114][  0]LogInit: Selected Device Profile: [Windows]
[2019.11.06-05.24.19:229][  0]LogMeshReduction: Using QuadricMeshReduction for automatic static mesh reduction
[2019.11.06-05.24.19:230][  0]LogMeshReduction: Using SimplygonMeshReduction for automatic skeletal mesh reduction
[2019.11.06-05.24.19:230][  0]LogMeshReduction: Using ProxyLODMeshReduction for automatic mesh merging
[2019.11.06-05.24.19:230][  0]LogMeshReduction: No distributed automatic mesh merging module available
[2019.11.06-05.24.19:230][  0]LogMeshMerging: No distributed automatic mesh merging module available
[2019.11.06-05.24.19:236][  0]LogNetVersion: MAGICROOM1 1.0.0, NetCL: 8386587, EngineNetVer: 11, GameNetVer: 0 (Checksum: 2164071418)
[2019.11.06-05.24.19:623][  0]LogMoviePlayer: Initializing movie player
[2019.11.06-05.24.19:704][  0]LogTcpMessaging: Initializing TcpMessaging bridge
[2019.11.06-05.24.19:706][  0]LogUdpMessaging: Initializing bridge on interface 0.0.0.0:0 to multicast group 230.0.0.1:6666.
[2019.11.06-05.24.19:729][  0]SourceControl: Source control is disabled
[2019.11.06-05.24.19:729][  0]SourceControl: Source control is disabled
[2019.11.06-05.24.19:729][  0]SourceControl: Source control is disabled
[2019.11.06-05.24.19:753][  0]LogAndroidPermission: UAndroidPermissionCallbackProxy::GetInstance
[2019.11.06-05.24.19:891][  0]LogOcInput: OculusInput pre-init called
[2019.11.06-05.24.19:899][  0]LogUObjectArray: 48866 objects as part of root set at end of initial load.
[2019.11.06-05.24.19:899][  0]LogUObjectAllocator: 8609784 out of 0 bytes used by permanent object pool.
[2019.11.06-05.24.19:899][  0]LogUObjectArray: CloseDisregardForGC: 0/0 objects in disregard for GC pool
[2019.11.06-05.24.19:945][  0]LogEngine: Initializing Engine...
[2019.11.06-05.24.19:946][  0]LogStats: UGameplayTagsManager::InitializeManager -  0.000 s
[2019.11.06-05.24.20:081][  0]LogInit: Initializing FReadOnlyCVARCache
[2019.11.06-05.24.20:123][  0]LogInit: XAudio2 using 'Динамики (2- High Definition Audio Device)' : 2 channels at 48 kHz using 16 bits per sample (channel mask 0x3)
[2019.11.06-05.24.20:139][  0]LogInit: FAudioDevice initialized.
[2019.11.06-05.24.20:140][  0]LogNetVersion: Set ProjectVersion to 1.0.0.0. Version Checksum will be recalculated on next use.
[2019.11.06-05.24.20:146][  0]LogInit: Texture streaming: Enabled
[2019.11.06-05.24.20:263][  0]LogSlate: Updating window title bar state: overlay mode, drag disabled, window buttons hidden, title bar hidden
[2019.11.06-05.24.20:264][  0]LogInit: Display: Game Engine Initialized.
[2019.11.06-05.24.20:307][  0]LogInit: Display: Starting Game.
[2019.11.06-05.24.20:307][  0]LogNet: Browse: /Game/MagicRoom/VRController/VirtualRealityBP/Maps/MainScene?Name=Player
[2019.11.06-05.24.20:313][  0]LogLoad: LoadMap: /Game/MagicRoom/VRController/VirtualRealityBP/Maps/MainScene?Name=Player
[2019.11.06-05.24.20:313][  0]LogWorld: BeginTearingDown for /Temp/Untitled_0
[2019.11.06-05.24.20:314][  0]LogWorld: UWorld::CleanupWorld for Untitled, bSessionEnded=true, bCleanupResources=true
[2019.11.06-05.24.20:333][  0]LogUObjectHash: Compacting FUObjectHashTables data took   1.39ms
[2019.11.06-05.24.20:378][  0]LogUObjectGlobals: Warning: While loading 'C:/Users/VRLABDV/Desktop/MAGICROOM1/Content/MagicRoom/VRController/VirtualReality/Mannequin/Animations/RightHand_AnimBP.uasset' failed to load '/Game/VirtualRealityBP/Blueprints/GripEnum': Can't find file.
[2019.11.06-05.24.20:378][  0]LogUObjectGlobals: Warning: While loading 'C:/Users/VRLABDV/Desktop/MAGICROOM1/Content/MagicRoom/VRController/VirtualReality/Mannequin/Animations/RightHand_AnimBP.uasset' failed to load '/Game/VirtualRealityBP/Blueprints/GripEnum': Can't find file.
[2019.11.06-05.24.20:378][  0]LogUObjectGlobals: Warning: Failed to load '/Game/VirtualRealityBP/Blueprints/BP_MotionController': Can't find file.
[2019.11.06-05.24.20:378][  0]LogUObjectGlobals: Warning: Failed to load '/Game/VirtualRealityBP/Blueprints/BP_MotionController': Can't find file.
[2019.11.06-05.24.20:379][  0]LogUObjectGlobals: Warning: Failed to load '/Game/VirtualRealityBP/Blueprints/BP_MotionController': Can't find file.
[2019.11.06-05.24.20:379][  0]LogUObjectGlobals: Warning: Failed to load '/Game/VirtualRealityBP/Blueprints/BP_MotionController': Can't find file.
[2019.11.06-05.24.20:379][  0]LogUObjectGlobals: Warning: Failed to load '/Game/VirtualRealityBP/Blueprints/BP_MotionController': Can't find file.
[2019.11.06-05.24.20:379][  0]LogUObjectGlobals: Warning: Failed to load '/Game/VirtualRealityBP/Blueprints/BP_MotionController': Can't find file.
[2019.11.06-05.24.20:379][  0]LogUObjectGlobals: Warning: Failed to load '/Game/VirtualRealityBP/Blueprints/GripEnum': Can't find file.
[2019.11.06-05.24.20:379][  0]LogUObjectGlobals: Warning: Failed to load '/Game/VirtualRealityBP/Blueprints/GripEnum': Can't find file.
[2019.11.06-05.24.20:380][  0]LogUObjectGlobals: Warning: While loading 'C:/Users/VRLABDV/Desktop/MAGICROOM1/Content/MagicRoom/VRController/VirtualReality/Mannequin/Animations/RightHand_AnimBP.uasset' failed to load '/Game/VirtualRealityBP/Blueprints/GripEnum': Can't find file.
[2019.11.06-05.24.20:380][  0]LogUObjectGlobals: Warning: While loading 'C:/Users/VRLABDV/Desktop/MAGICROOM1/Content/MagicRoom/VRController/VirtualReality/Mannequin/Animations/RightHand_AnimBP.uasset' failed to load '/Game/VirtualRealityBP/Blueprints/GripEnum': Can't find file.
[2019.11.06-05.24.20:380][  0]LogUObjectGlobals: Warning: While loading 'C:/Users/VRLABDV/Desktop/MAGICROOM1/Content/MagicRoom/VRController/VirtualReality/Mannequin/Animations/RightHand_AnimBP.uasset' failed to load '/Game/VirtualRealityBP/Blueprints/GripEnum': Can't find file.
[2019.11.06-05.24.20:380][  0]LogUObjectGlobals: Warning: While loading 'C:/Users/VRLABDV/Desktop/MAGICROOM1/Content/MagicRoom/VRController/VirtualReality/Mannequin/Animations/RightHand_AnimBP.uasset' failed to load '/Game/VirtualRealityBP/Blueprints/GripEnum': Can't find file.
[2019.11.06-05.24.20:381][  0]LogUObjectGlobals: Warning: While loading 'C:/Users/VRLABDV/Desktop/MAGICROOM1/Content/MagicRoom/VRController/VirtualReality/Mannequin/Animations/RightHand_AnimBP.uasset' failed to load '/Game/VirtualRealityBP/Blueprints/BP_MotionController': Can't find file.
[2019.11.06-05.24.20:381][  0]LogUObjectGlobals: Warning: While loading 'C:/Users/VRLABDV/Desktop/MAGICROOM1/Content/MagicRoom/VRController/VirtualReality/Mannequin/Animations/RightHand_AnimBP.uasset' failed to load '/Game/VirtualRealityBP/Blueprints/BP_MotionController': Can't find file.
[2019.11.06-05.24.20:381][  0]LogUObjectGlobals: Warning: While loading 'C:/Users/VRLABDV/Desktop/MAGICROOM1/Content/MagicRoom/VRController/VirtualReality/Mannequin/Animations/RightHand_AnimBP.uasset' failed to load '/Game/VirtualRealityBP/Blueprints/BP_MotionController': Can't find file.
[2019.11.06-05.24.20:381][  0]LogUObjectGlobals: Warning: While loading 'C:/Users/VRLABDV/Desktop/MAGICROOM1/Content/MagicRoom/VRController/VirtualReality/Mannequin/Animations/RightHand_AnimBP.uasset' failed to load '/Game/VirtualRealityBP/Blueprints/BP_MotionController': Can't find file.
[2019.11.06-05.24.20:381][  0]LogUObjectGlobals: Warning: While loading 'C:/Users/VRLABDV/Desktop/MAGICROOM1/Content/MagicRoom/VRController/VirtualReality/Mannequin/Animations/RightHand_AnimBP.uasset' failed to load '/Game/VirtualRealityBP/Blueprints/BP_MotionController': Can't find file.
[2019.11.06-05.24.20:381][  0]LogUObjectGlobals: Warning: While loading 'C:/Users/VRLABDV/Desktop/MAGICROOM1/Content/MagicRoom/VRController/VirtualReality/Mannequin/Animations/RightHand_AnimBP.uasset' failed to load '/Game/VirtualRealityBP/Blueprints/BP_MotionController': Can't find file.
[2019.11.06-05.24.20:381][  0]LogUObjectGlobals: Warning: While loading 'C:/Users/VRLABDV/Desktop/MAGICROOM1/Content/MagicRoom/VRController/VirtualReality/Mannequin/Animations/RightHand_AnimBP.uasset' failed to load '/Game/VirtualRealityBP/Blueprints/BP_MotionController': Can't find file.
[2019.11.06-05.24.20:382][  0]LogUObjectGlobals: Warning: While loading 'C:/Users/VRLABDV/Desktop/MAGICROOM1/Content/MagicRoom/VRController/VirtualReality/Mannequin/Animations/RightHand_AnimBP.uasset' failed to load '/Game/VirtualRealityBP/Blueprints/BP_MotionController': Can't find file.
[2019.11.06-05.24.20:473][  0]LogBlueprint: Error: [Compiler RightHand_AnimBP] Can't connect pins  Object  and  ReturnValue : This cast has an invalid target type (was the class deleted without a redirect?).
[2019.11.06-05.24.20:473][  0]LogBlueprint: Error: [Compiler RightHand_AnimBP] In use pin  AsBP Motion Controller  no longer exists on node  Bad cast node . Please refresh node or break links to remove pin.
[2019.11.06-05.24.20:473][  0]LogBlueprint: Error: [Compiler RightHand_AnimBP] Can't connect pins  ReturnValue  and  Object : This cast has an invalid target type (was the class deleted without a redirect?).
[2019.11.06-05.24.20:473][  0]LogBlueprint: Warning: [Compiler RightHand_AnimBP] Could not find a variable named "Hand" in 'RightHand_AnimBP'.
Make sure 'RightHand_AnimBP' has been compiled for  Get Hand
[2019.11.06-05.24.20:473][  0]LogBlueprint: Error: [Compiler RightHand_AnimBP] Can't connect pins  Object  and  ReturnValue : This cast has an invalid target type (was the class deleted without a redirect?).
[2019.11.06-05.24.20:473][  0]LogBlueprint: Error: [Compiler RightHand_AnimBP] In use pin  AsBP Motion Controller  no longer exists on node  Bad cast node . Please refresh node or break links to remove pin.
[2019.11.06-05.24.20:474][  0]LogBlueprint: Error: [Compiler RightHand_AnimBP] Can't connect pins  ReturnValue  and  Object : This cast has an invalid target type (was the class deleted without a redirect?).
[2019.11.06-05.24.20:474][  0]LogBlueprint: Warning: [Compiler RightHand_AnimBP] Could not find a variable named "Hand" in 'RightHand_AnimBP'.
Make sure 'RightHand_AnimBP' has been compiled for  Get Hand
[2019.11.06-05.24.20:492][  0]LogBlueprint: Error: [Compiler RightHand_AnimBP] The property associated with  Hand  could not be found in '/Game/MagicRoom/VRController/VirtualReality/Mannequin/Animations/RightHand_AnimBP.RightHand_AnimBP_C'
[2019.11.06-05.24.20:519][  0]LogUObjectGlobals: Warning: While loading 'C:/Users/VRLABDV/Desktop/MAGICROOM1/Content/MagicRoom/Models/STOL/stollow.uasset' failed to load '/Game/FirstPersonBP/stol/initialShadingGroup': Can't find file.
[2019.11.06-05.24.20:519][  0]LogUObjectGlobals: Warning: While loading 'C:/Users/VRLABDV/Desktop/MAGICROOM1/Content/MagicRoom/Models/STOL/stollow.uasset' failed to load '/Game/FirstPersonBP/stol/initialShadingGroup': Can't find file.
[2019.11.06-05.24.20:520][  0]LogUObjectGlobals: Warning: While loading 'C:/Users/VRLABDV/Desktop/MAGICROOM1/Content/MagicRoom/Models/STOL/stollow.uasset' failed to load '/Game/FirstPersonBP/stol/initialShadingGroup': Can't find file.
[2019.11.06-05.24.20:520][  0]LogUObjectGlobals: Warning: While loading 'C:/Users/VRLABDV/Desktop/MAGICROOM1/Content/MagicRoom/Models/STOL/stollow.uasset' failed to load '/Game/FirstPersonBP/stol/initialShadingGroup': Can't find file.
[2019.11.06-05.24.20:520][  0]LogUObjectGlobals: Warning: While loading 'C:/Users/VRLABDV/Desktop/MAGICROOM1/Content/MagicRoom/Models/SEGMENT/STE_polySurface351_polySurface338.uasset' failed to load '/Game/FirstPersonBP/sten/initialShadingGroup': Can't find file.
[2019.11.06-05.24.20:520][  0]LogUObjectGlobals: Warning: While loading 'C:/Users/VRLABDV/Desktop/MAGICROOM1/Content/MagicRoom/Models/SEGMENT/STE_polySurface351_polySurface338.uasset' failed to load '/Game/FirstPersonBP/sten/initialShadingGroup': Can't find file.
[2019.11.06-05.24.20:520][  0]LogUObjectGlobals: Warning: While loading 'C:/Users/VRLABDV/Desktop/MAGICROOM1/Content/MagicRoom/Models/SEGMENT/STE_polySurface351_polySurface338.uasset' failed to load '/Game/FirstPersonBP/sten/initialShadingGroup': Can't find file.
[2019.11.06-05.24.20:520][  0]LogUObjectGlobals: Warning: While loading 'C:/Users/VRLABDV/Desktop/MAGICROOM1/Content/MagicRoom/Models/SEGMENT/STE_polySurface351_polySurface338.uasset' failed to load '/Game/FirstPersonBP/sten/initialShadingGroup': Can't find file.
[2019.11.06-05.24.20:520][  0]LogUObjectGlobals: Warning: While loading 'C:/Users/VRLABDV/Desktop/MAGICROOM1/Content/MagicRoom/Models/SEGMENT/STE_polySurface338_polySurface358.uasset' failed to load '/Game/FirstPersonBP/sten/initialShadingGroup': Can't find file.
[2019.11.06-05.24.20:520][  0]LogUObjectGlobals: Warning: While loading 'C:/Users/VRLABDV/Desktop/MAGICROOM1/Content/MagicRoom/Models/SEGMENT/STE_polySurface338_polySurface358.uasset' failed to load '/Game/FirstPersonBP/sten/initialShadingGroup': Can't find file.
[2019.11.06-05.24.20:521][  0]LogUObjectGlobals: Warning: While loading 'C:/Users/VRLABDV/Desktop/MAGICROOM1/Content/MagicRoom/Models/SEGMENT/STE_polySurface338_polySurface358.uasset' failed to load '/Game/FirstPersonBP/sten/initialShadingGroup': Can't find file.
[2019.11.06-05.24.20:521][  0]LogUObjectGlobals: Warning: While loading 'C:/Users/VRLABDV/Desktop/MAGICROOM1/Content/MagicRoom/Models/SEGMENT/STE_polySurface338_polySurface358.uasset' failed to load '/Game/FirstPersonBP/sten/initialShadingGroup': Can't find file.
[2019.11.06-05.24.20:521][  0]LogUObjectGlobals: Warning: While loading 'C:/Users/VRLABDV/Desktop/MAGICROOM1/Content/MagicRoom/Models/SEGMENT/STE_polySurface338_polySurface357.uasset' failed to load '/Game/FirstPersonBP/sten/initialShadingGroup': Can't find file.
[2019.11.06-05.24.20:521][  0]LogUObjectGlobals: Warning: While loading 'C:/Users/VRLABDV/Desktop/MAGICROOM1/Content/MagicRoom/Models/SEGMENT/STE_polySurface338_polySurface357.uasset' failed to load '/Game/FirstPersonBP/sten/initialShadingGroup': Can't find file.
[2019.11.06-05.24.20:521][  0]LogUObjectGlobals: Warning: While loading 'C:/Users/VRLABDV/Desktop/MAGICROOM1/Content/MagicRoom/Models/SEGMENT/STE_polySurface338_polySurface357.uasset' failed to load '/Game/FirstPersonBP/sten/initialShadingGroup': Can't find file.
[2019.11.06-05.24.20:521][  0]LogUObjectGlobals: Warning: While loading 'C:/Users/VRLABDV/Desktop/MAGICROOM1/Content/MagicRoom/Models/SEGMENT/STE_polySurface338_polySurface357.uasset' failed to load '/Game/FirstPersonBP/sten/initialShadingGroup': Can't find file.
[2019.11.06-05.24.20:521][  0]LogUObjectGlobals: Warning: While loading 'C:/Users/VRLABDV/Desktop/MAGICROOM1/Content/MagicRoom/Models/SEGMENT/STE_polySurface338_polySurface356.uasset' failed to load '/Game/FirstPersonBP/sten/initialShadingGroup': Can't find file.
[2019.11.06-05.24.20:521][  0]LogUObjectGlobals: Warning: While loading 'C:/Users/VRLABDV/Desktop/MAGICROOM1/Content/MagicRoom/Models/SEGMENT/STE_polySurface338_polySurface356.uasset' failed to load '/Game/FirstPersonBP/sten/initialShadingGroup': Can't find file.
[2019.11.06-05.24.20:522][  0]LogUObjectGlobals: Warning: While loading 'C:/Users/VRLABDV/Desktop/MAGICROOM1/Content/MagicRoom/Models/SEGMENT/STE_polySurface338_polySurface356.uasset' failed to load '/Game/FirstPersonBP/sten/initialShadingGroup': Can't find file.
[2019.11.06-05.24.20:522][  0]LogUObjectGlobals: Warning: While loading 'C:/Users/VRLABDV/Desktop/MAGICROOM1/Content/MagicRoom/Models/SEGMENT/STE_polySurface338_polySurface356.uasset' failed to load '/Game/FirstPersonBP/sten/initialShadingGroup': Can't find file.
[2019.11.06-05.24.20:522][  0]LogUObjectGlobals: Warning: While loading 'C:/Users/VRLABDV/Desktop/MAGICROOM1/Content/MagicRoom/Models/SEGMENT/STE_polySurface338_polySurface355.uasset' failed to load '/Game/FirstPersonBP/sten/initialShadingGroup': Can't find file.
[2019.11.06-05.24.20:522][  0]LogUObjectGlobals: Warning: While loading 'C:/Users/VRLABDV/Desktop/MAGICROOM1/Content/MagicRoom/Models/SEGMENT/STE_polySurface338_polySurface355.uasset' failed to load '/Game/FirstPersonBP/sten/initialShadingGroup': Can't find file.
[2019.11.06-05.24.20:522][  0]LogUObjectGlobals: Warning: While loading 'C:/Users/VRLABDV/Desktop/MAGICROOM1/Content/MagicRoom/Models/SEGMENT/STE_polySurface338_polySurface355.uasset' failed to load '/Game/FirstPersonBP/sten/initialShadingGroup': Can't find file.
[2019.11.06-05.24.20:522][  0]LogUObjectGlobals: Warning: While loading 'C:/Users/VRLABDV/Desktop/MAGICROOM1/Content/MagicRoom/Models/SEGMENT/STE_polySurface338_polySurface355.uasset' failed to load '/Game/FirstPersonBP/sten/initialShadingGroup': Can't find file.
[2019.11.06-05.24.20:522][  0]LogUObjectGlobals: Warning: While loading 'C:/Users/VRLABDV/Desktop/MAGICROOM1/Content/MagicRoom/Models/SEGMENT/STE_polySurface338_polySurface354.uasset' failed to load '/Game/FirstPersonBP/sten/initialShadingGroup': Can't find file.
[2019.11.06-05.24.20:522][  0]LogUObjectGlobals: Warning: While loading 'C:/Users/VRLABDV/Desktop/MAGICROOM1/Content/MagicRoom/Models/SEGMENT/STE_polySurface338_polySurface354.uasset' failed to load '/Game/FirstPersonBP/sten/initialShadingGroup': Can't find file.
[2019.11.06-05.24.20:523][  0]LogUObjectGlobals: Warning: While loading 'C:/Users/VRLABDV/Desktop/MAGICROOM1/Content/MagicRoom/Models/SEGMENT/STE_polySurface338_polySurface354.uasset' failed to load '/Game/FirstPersonBP/sten/initialShadingGroup': Can't find file.
[2019.11.06-05.24.20:523][  0]LogUObjectGlobals: Warning: While loading 'C:/Users/VRLABDV/Desktop/MAGICROOM1/Content/MagicRoom/Models/SEGMENT/STE_polySurface338_polySurface354.uasset' failed to load '/Game/FirstPersonBP/sten/initialShadingGroup': Can't find file.
[2019.11.06-05.24.20:523][  0]LogUObjectGlobals: Warning: While loading 'C:/Users/VRLABDV/Desktop/MAGICROOM1/Content/MagicRoom/Models/SEGMENT/STE_polySurface338_polySurface353.uasset' failed to load '/Game/FirstPersonBP/sten/initialShadingGroup': Can't find file.
[2019.11.06-05.24.20:523][  0]LogUObjectGlobals: Warning: While loading 'C:/Users/VRLABDV/Desktop/MAGICROOM1/Content/MagicRoom/Models/SEGMENT/STE_polySurface338_polySurface353.uasset' failed to load '/Game/FirstPersonBP/sten/initialShadingGroup': Can't find file.
[2019.11.06-05.24.20:523][  0]LogUObjectGlobals: Warning: While loading 'C:/Users/VRLABDV/Desktop/MAGICROOM1/Content/MagicRoom/Models/SEGMENT/STE_polySurface338_polySurface353.uasset' failed to load '/Game/FirstPersonBP/sten/initialShadingGroup': Can't find file.
[2019.11.06-05.24.20:523][  0]LogUObjectGlobals: Warning: While loading 'C:/Users/VRLABDV/Desktop/MAGICROOM1/Content/MagicRoom/Models/SEGMENT/STE_polySurface338_polySurface353.uasset' failed to load '/Game/FirstPersonBP/sten/initialShadingGroup': Can't find file.
[2019.11.06-05.24.20:523][  0]LogUObjectGlobals: Warning: While loading 'C:/Users/VRLABDV/Desktop/MAGICROOM1/Content/MagicRoom/Models/SEGMENT/STE_polySurface338_polySurface352.uasset' failed to load '/Game/FirstPersonBP/sten/initialShadingGroup': Can't find file.
[2019.11.06-05.24.20:523][  0]LogUObjectGlobals: Warning: While loading 'C:/Users/VRLABDV/Desktop/MAGICROOM1/Content/MagicRoom/Models/SEGMENT/STE_polySurface338_polySurface352.uasset' failed to load '/Game/FirstPersonBP/sten/initialShadingGroup': Can't find file.
[2019.11.06-05.24.20:524][  0]LogUObjectGlobals: Warning: While loading 'C:/Users/VRLABDV/Desktop/MAGICROOM1/Content/MagicRoom/Models/SEGMENT/STE_polySurface338_polySurface352.uasset' failed to load '/Game/FirstPersonBP/sten/initialShadingGroup': Can't find file.
[2019.11.06-05.24.20:524][  0]LogUObjectGlobals: Warning: While loading 'C:/Users/VRLABDV/Desktop/MAGICROOM1/Content/MagicRoom/Models/SEGMENT/STE_polySurface338_polySurface352.uasset' failed to load '/Game/FirstPersonBP/sten/initialShadingGroup': Can't find file.
[2019.11.06-05.24.20:524][  0]LogUObjectGlobals: Warning: While loading 'C:/Users/VRLABDV/Desktop/MAGICROOM1/Content/MagicRoom/Models/room/elementroom_room_tumba.uasset' failed to load '/Game/FirstPersonBP/elementroom/initialShadingGroup': Can't find file.
[2019.11.06-05.24.20:524][  0]LogUObjectGlobals: Warning: While loading 'C:/Users/VRLABDV/Desktop/MAGICROOM1/Content/MagicRoom/Models/room/elementroom_room_tumba.uasset' failed to load '/Game/FirstPersonBP/elementroom/initialShadingGroup': Can't find file.
[2019.11.06-05.24.20:524][  0]LogUObjectGlobals: Warning: While loading 'C:/Users/VRLABDV/Desktop/MAGICROOM1/Content/MagicRoom/Models/room/elementroom_room_tumba.uasset' failed to load '/Game/FirstPersonBP/elementroom/initialShadingGroup': Can't find file.
[2019.11.06-05.24.20:524][  0]LogUObjectGlobals: Warning: While loading 'C:/Users/VRLABDV/Desktop/MAGICROOM1/Content/MagicRoom/Models/room/elementroom_room_tumba.uasset' failed to load '/Game/FirstPersonBP/elementroom/initialShadingGroup': Can't find file.
[2019.11.06-05.24.20:524][  0]LogUObjectGlobals: Warning: While loading 'C:/Users/VRLABDV/Desktop/MAGICROOM1/Content/MagicRoom/Models/room/elementroom_room_stol2.uasset' failed to load '/Game/FirstPersonBP/elementroom/initialShadingGroup': Can't find file.
[2019.11.06-05.24.20:524][  0]LogUObjectGlobals: Warning: While loading 'C:/Users/VRLABDV/Desktop/MAGICROOM1/Content/MagicRoom/Models/room/elementroom_room_stol2.uasset' failed to load '/Game/FirstPersonBP/elementroom/initialShadingGroup': Can't find file.
[2019.11.06-05.24.20:525][  0]LogUObjectGlobals: Warning: While loading 'C:/Users/VRLABDV/Desktop/MAGICROOM1/Content/MagicRoom/Models/room/elementroom_room_stol2.uasset' failed to load '/Game/FirstPersonBP/elementroom/initialShadingGroup': Can't find file.
[2019.11.06-05.24.20:525][  0]LogUObjectGlobals: Warning: While loading 'C:/Users/VRLABDV/Desktop/MAGICROOM1/Content/MagicRoom/Models/room/elementroom_room_stol2.uasset' failed to load '/Game/FirstPersonBP/elementroom/initialShadingGroup': Can't find file.
[2019.11.06-05.24.20:525][  0]LogUObjectGlobals: Warning: While loading 'C:/Users/VRLABDV/Desktop/MAGICROOM1/Content/MagicRoom/Models/room/elementroom_room_skaf9.uasset' failed to load '/Game/FirstPersonBP/elementroom/initialShadingGroup': Can't find file.
[2019.11.06-05.24.20:525][  0]LogUObjectGlobals: Warning: While loading 'C:/Users/VRLABDV/Desktop/MAGICROOM1/Content/MagicRoom/Models/room/elementroom_room_skaf9.uasset' failed to load '/Game/FirstPersonBP/elementroom/initialShadingGroup': Can't find file.
[2019.11.06-05.24.20:525][  0]LogUObjectGlobals: Warning: While loading 'C:/Users/VRLABDV/Desktop/MAGICROOM1/Content/MagicRoom/Models/room/elementroom_room_skaf9.uasset' failed to load '/Game/FirstPersonBP/elementroom/initialShadingGroup': Can't find file.
[2019.11.06-05.24.20:525][  0]LogUObjectGlobals: Warning: While loading 'C:/Users/VRLABDV/Desktop/MAGICROOM1/Content/MagicRoom/Models/room/elementroom_room_skaf9.uasset' failed to load '/Game/FirstPersonBP/elementroom/initialShadingGroup': Can't find file.
[2019.11.06-05.24.20:525][  0]LogUObjectGlobals: Warning: While loading 'C:/Users/VRLABDV/Desktop/MAGICROOM1/Content/MagicRoom/Models/room/elementroom_room_skaf8.uasset' failed to load '/Game/FirstPersonBP/elementroom/initialShadingGroup': Can't find file.
[2019.11.06-05.24.20:525][  0]LogUObjectGlobals: Warning: While loading 'C:/Users/VRLABDV/Desktop/MAGICROOM1/Content/MagicRoom/Models/room/elementroom_room_skaf8.uasset' failed to load '/Game/FirstPersonBP/elementroom/initialShadingGroup': Can't find file.
[2019.11.06-05.24.20:525][  0]LogUObjectGlobals: Warning: While loading 'C:/Users/VRLABDV/Desktop/MAGICROOM1/Content/MagicRoom/Models/room/elementroom_room_skaf8.uasset' failed to load '/Game/FirstPersonBP/elementroom/initialShadingGroup': Can't find file.
[2019.11.06-05.24.20:526][  0]LogUObjectGlobals: Warning: While loading 'C:/Users/VRLABDV/Desktop/MAGICROOM1/Content/MagicRoom/Models/room/elementroom_room_skaf8.uasset' failed to load '/Game/FirstPersonBP/elementroom/initialShadingGroup': Can't find file.
[2019.11.06-05.24.20:526][  0]LogUObjectGlobals: Warning: While loading 'C:/Users/VRLABDV/Desktop/MAGICROOM1/Content/MagicRoom/Models/room/elementroom_room_skaf7.uasset' failed to load '/Game/FirstPersonBP/elementroom/initialShadingGroup': Can't find file.
[2019.11.06-05.24.20:526][  0]LogUObjectGlobals: Warning: While loading 'C:/Users/VRLABDV/Desktop/MAGICROOM1/Content/MagicRoom/Models/room/elementroom_room_skaf7.uasset' failed to load '/Game/FirstPersonBP/elementroom/initialShadingGroup': Can't find file.
[2019.11.06-05.24.20:526][  0]LogUObjectGlobals: Warning: While loading 'C:/Users/VRLABDV/Desktop/MAGICROOM1/Content/MagicRoom/Models/room/elementroom_room_skaf7.uasset' failed to load '/Game/FirstPersonBP/elementroom/initialShadingGroup': Can't find file.
[2019.11.06-05.24.20:526][  0]LogUObjectGlobals: Warning: While loading 'C:/Users/VRLABDV/Desktop/MAGICROOM1/Content/MagicRoom/Models/room/elementroom_room_skaf7.uasset' failed to load '/Game/FirstPersonBP/elementroom/initialShadingGroup': Can't find file.
[2019.11.06-05.24.20:526][  0]LogUObjectGlobals: Warning: While loading 'C:/Users/VRLABDV/Desktop/MAGICROOM1/Content/MagicRoom/Models/room/elementroom_room_skaf6.uasset' failed to load '/Game/FirstPersonBP/elementroom/initialShadingGroup': Can't find file.
[2019.11.06-05.24.20:526][  0]LogUObjectGlobals: Warning: While loading 'C:/Users/VRLABDV/Desktop/MAGICROOM1/Content/MagicRoom/Models/room/elementroom_room_skaf6.uasset' failed to load '/Game/FirstPersonBP/elementroom/initialShadingGroup': Can't find file.
[2019.11.06-05.24.20:526][  0]LogUObjectGlobals: Warning: While loading 'C:/Users/VRLABDV/Desktop/MAGICROOM1/Content/MagicRoom/Models/room/elementroom_room_skaf6.uasset' failed to load '/Game/FirstPersonBP/elementroom/initialShadingGroup': Can't find file.
[2019.11.06-05.24.20:527][  0]LogUObjectGlobals: Warning: While loading 'C:/Users/VRLABDV/Desktop/MAGICROOM1/Content/MagicRoom/Models/room/elementroom_room_skaf6.uasset' failed to load '/Game/FirstPersonBP/elementroom/initialShadingGroup': Can't find file.
[2019.11.06-05.24.20:527][  0]LogUObjectGlobals: Warning: While loading 'C:/Users/VRLABDV/Desktop/MAGICROOM1/Content/MagicRoom/Models/room/elementroom_room_skaf3.uasset' failed to load '/Game/FirstPersonBP/elementroom/initialShadingGroup': Can't find file.
[2019.11.06-05.24.20:527][  0]LogUObjectGlobals: Warning: While loading 'C:/Users/VRLABDV/Desktop/MAGICROOM1/Content/MagicRoom/Models/room/elementroom_room_skaf3.uasset' failed to load '/Game/FirstPersonBP/elementroom/initialShadingGroup': Can't find file.
[2019.11.06-05.24.20:527][  0]LogUObjectGlobals: Warning: While loading 'C:/Users/VRLABDV/Desktop/MAGICROOM1/Content/MagicRoom/Models/room/elementroom_room_skaf3.uasset' failed to load '/Game/FirstPersonBP/elementroom/initialShadingGroup': Can't find file.
[2019.11.06-05.24.20:527][  0]LogUObjectGlobals: Warning: While loading 'C:/Users/VRLABDV/Desktop/MAGICROOM1/Content/MagicRoom/Models/room/elementroom_room_skaf3.uasset' failed to load '/Game/FirstPersonBP/elementroom/initialShadingGroup': Can't find file.
[2019.11.06-05.24.20:527][  0]LogUObjectGlobals: Warning: While loading 'C:/Users/VRLABDV/Desktop/MAGICROOM1/Content/MagicRoom/Models/room/elementroom_room_skaf10.uasset' failed to load '/Game/FirstPersonBP/elementroom/initialShadingGroup': Can't find file.
[2019.11.06-05.24.20:527][  0]LogUObjectGlobals: Warning: While loading 'C:/Users/VRLABDV/Desktop/MAGICROOM1/Content/MagicRoom/Models/room/elementroom_room_skaf10.uasset' failed to load '/Game/FirstPersonBP/elementroom/initialShadingGroup': Can't find file.
[2019.11.06-05.24.20:527][  0]LogUObjectGlobals: Warning: While loading 'C:/Users/VRLABDV/Desktop/MAGICROOM1/Content/MagicRoom/Models/room/elementroom_room_skaf10.uasset' failed to load '/Game/FirstPersonBP/elementroom/initialShadingGroup': Can't find file.
[2019.11.06-05.24.20:528][  0]LogUObjectGlobals: Warning: While loading 'C:/Users/VRLABDV/Desktop/MAGICROOM1/Content/MagicRoom/Models/room/elementroom_room_skaf10.uasset' failed to load '/Game/FirstPersonBP/elementroom/initialShadingGroup': Can't find file.
[2019.11.06-05.24.20:528][  0]LogUObjectGlobals: Warning: While loading 'C:/Users/VRLABDV/Desktop/MAGICROOM1/Content/MagicRoom/Models/room/elementroom_room_polySurface309.uasset' failed to load '/Game/FirstPersonBP/elementroom/initialShadingGroup': Can't find file.
[2019.11.06-05.24.20:528][  0]LogUObjectGlobals: Warning: While loading 'C:/Users/VRLABDV/Desktop/MAGICROOM1/Content/MagicRoom/Models/room/elementroom_room_polySurface309.uasset' failed to load '/Game/FirstPersonBP/elementroom/initialShadingGroup': Can't find file.
[2019.11.06-05.24.20:528][  0]LogUObjectGlobals: Warning: While loading 'C:/Users/VRLABDV/Desktop/MAGICROOM1/Content/MagicRoom/Models/room/elementroom_room_polySurface309.uasset' failed to load '/Game/FirstPersonBP/elementroom/initialShadingGroup': Can't find file.
[2019.11.06-05.24.20:528][  0]LogUObjectGlobals: Warning: While loading 'C:/Users/VRLABDV/Desktop/MAGICROOM1/Content/MagicRoom/Models/room/elementroom_room_polySurface309.uasset' failed to load '/Game/FirstPersonBP/elementroom/initialShadingGroup': Can't find file.
[2019.11.06-05.24.20:528][  0]LogUObjectGlobals: Warning: While loading 'C:/Users/VRLABDV/Desktop/MAGICROOM1/Content/MagicRoom/Models/room/elementroom_room_group11.uasset' failed to load '/Game/FirstPersonBP/elementroom/initialShadingGroup': Can't find file.
[2019.11.06-05.24.20:528][  0]LogUObjectGlobals: Warning: While loading 'C:/Users/VRLABDV/Desktop/MAGICROOM1/Content/MagicRoom/Models/room/elementroom_room_group11.uasset' failed to load '/Game/FirstPersonBP/elementroom/initialShadingGroup': Can't find file.
[2019.11.06-05.24.20:528][  0]LogUObjectGlobals: Warning: While loading 'C:/Users/VRLABDV/Desktop/MAGICROOM1/Content/MagicRoom/Models/room/elementroom_room_group11.uasset' failed to load '/Game/FirstPersonBP/elementroom/initialShadingGroup': Can't find file.
[2019.11.06-05.24.20:528][  0]LogUObjectGlobals: Warning: While loading 'C:/Users/VRLABDV/Desktop/MAGICROOM1/Content/MagicRoom/Models/room/elementroom_room_group11.uasset' failed to load '/Game/FirstPersonBP/elementroom/initialShadingGroup': Can't find file.
[2019.11.06-05.24.20:529][  0]LogUObjectGlobals: Warning: While loading 'C:/Users/VRLABDV/Desktop/MAGICROOM1/Content/MagicRoom/Models/room/elementroom_room_group10.uasset' failed to load '/Game/FirstPersonBP/elementroom/initialShadingGroup': Can't find file.
[2019.11.06-05.24.20:529][  0]LogUObjectGlobals: Warning: While loading 'C:/Users/VRLABDV/Desktop/MAGICROOM1/Content/MagicRoom/Models/room/elementroom_room_group10.uasset' failed to load '/Game/FirstPersonBP/elementroom/initialShadingGroup': Can't find file.
[2019.11.06-05.24.20:529][  0]LogUObjectGlobals: Warning: While loading 'C:/Users/VRLABDV/Desktop/MAGICROOM1/Content/MagicRoom/Models/room/elementroom_room_group10.uasset' failed to load '/Game/FirstPersonBP/elementroom/initialShadingGroup': Can't find file.
[2019.11.06-05.24.20:529][  0]LogUObjectGlobals: Warning: While loading 'C:/Users/VRLABDV/Desktop/MAGICROOM1/Content/MagicRoom/Models/room/elementroom_room_group10.uasset' failed to load '/Game/FirstPersonBP/elementroom/initialShadingGroup': Can't find file.
[2019.11.06-05.24.20:529][  0]LogUObjectGlobals: Warning: While loading 'C:/Users/VRLABDV/Desktop/MAGICROOM1/Content/MagicRoom/Models/room/elementroom_room_boock2.uasset' failed to load '/Game/FirstPersonBP/elementroom/initialShadingGroup': Can't find file.
[2019.11.06-05.24.20:529][  0]LogUObjectGlobals: Warning: While loading 'C:/Users/VRLABDV/Desktop/MAGICROOM1/Content/MagicRoom/Models/room/elementroom_room_boock2.uasset' failed to load '/Game/FirstPersonBP/elementroom/initialShadingGroup': Can't find file.
[2019.11.06-05.24.20:529][  0]LogUObjectGlobals: Warning: While loading 'C:/Users/VRLABDV/Desktop/MAGICROOM1/Content/MagicRoom/Models/room/elementroom_room_boock2.uasset' failed to load '/Game/FirstPersonBP/elementroom/initialShadingGroup': Can't find file.
[2019.11.06-05.24.20:529][  0]LogUObjectGlobals: Warning: While loading 'C:/Users/VRLABDV/Desktop/MAGICROOM1/Content/MagicRoom/Models/room/elementroom_room_boock2.uasset' failed to load '/Game/FirstPersonBP/elementroom/initialShadingGroup': Can't find file.
[2019.11.06-05.24.20:530][  0]LogUObjectGlobals: Warning: While loading 'C:/Users/VRLABDV/Desktop/MAGICROOM1/Content/MagicRoom/Models/room/elementroom_room_boock1.uasset' failed to load '/Game/FirstPersonBP/elementroom/initialShadingGroup': Can't find file.
[2019.11.06-05.24.20:530][  0]LogUObjectGlobals: Warning: While loading 'C:/Users/VRLABDV/Desktop/MAGICROOM1/Content/MagicRoom/Models/room/elementroom_room_boock1.uasset' failed to load '/Game/FirstPersonBP/elementroom/initialShadingGroup': Can't find file.
[2019.11.06-05.24.20:530][  0]LogUObjectGlobals: Warning: While loading 'C:/Users/VRLABDV/Desktop/MAGICROOM1/Content/MagicRoom/Models/room/elementroom_room_boock1.uasset' failed to load '/Game/FirstPersonBP/elementroom/initialShadingGroup': Can't find file.
[2019.11.06-05.24.20:530][  0]LogUObjectGlobals: Warning: While loading 'C:/Users/VRLABDV/Desktop/MAGICROOM1/Content/MagicRoom/Models/room/elementroom_room_boock1.uasset' failed to load '/Game/FirstPersonBP/elementroom/initialShadingGroup': Can't find file.
[2019.11.06-05.24.20:530][  0]LogUObjectGlobals: Warning: While loading 'C:/Users/VRLABDV/Desktop/MAGICROOM1/Content/MagicRoom/Models/room/elementroom_room____᩠டǘ.uasset' failed to load '/Game/FirstPersonBP/elementroom/initialShadingGroup': Can't find file.
[2019.11.06-05.24.20:530][  0]LogUObjectGlobals: Warning: While loading 'C:/Users/VRLABDV/Desktop/MAGICROOM1/Content/MagicRoom/Models/room/elementroom_room____᩠டǘ.uasset' failed to load '/Game/FirstPersonBP/elementroom/initialShadingGroup': Can't find file.
[2019.11.06-05.24.20:530][  0]LogUObjectGlobals: Warning: While loading 'C:/Users/VRLABDV/Desktop/MAGICROOM1/Content/MagicRoom/Models/room/elementroom_room____᩠டǘ.uasset' failed to load '/Game/FirstPersonBP/elementroom/initialShadingGroup': Can't find file.
[2019.11.06-05.24.20:530][  0]LogUObjectGlobals: Warning: While loading 'C:/Users/VRLABDV/Desktop/MAGICROOM1/Content/MagicRoom/Models/room/elementroom_room____᩠டǘ.uasset' failed to load '/Game/FirstPersonBP/elementroom/initialShadingGroup': Can't find file.
[2019.11.06-05.24.20:674][  0]LogAIModule: Creating AISystem for world MainScene
[2019.11.06-05.24.20:674][  0]LogLoad: Game class is 'GameModeController_C'
[2019.11.06-05.24.20:679][  0]LogWorld: Bringing World /Game/MagicRoom/VRController/VirtualRealityBP/Maps/MainScene.MainScene up for play (max tick rate 0) at 2019.11.06-15.24.20
[2019.11.06-05.24.20:679][  0]LogWorld: Bringing up level for play took: 0.004599
[2019.11.06-05.24.20:680][  0]LogGameMode: FindPlayerStart: PATHS NOT DEFINED or NO PLAYERSTART with positive rating
[2019.11.06-05.24.20:684][  0]LogLoad: Took 0.370625 seconds to LoadMap(/Game/MagicRoom/VRController/VirtualRealityBP/Maps/MainScene)
[2019.11.06-05.24.20:690][  0]LogSlate: Took 0.000134 seconds to synchronously load lazily loaded font '../../../Engine/Content/Slate/Fonts/Roboto-Regular.ttf' (155K)
[2019.11.06-05.24.20:705][  0]LogRenderer: Reallocating scene render targets to support 1280x720 Format 26 NumSamples 1 (Frame:1).
[2019.11.06-05.24.20:705][  0]LogLoad: (Engine Initialization) Total time: 3.67 seconds
[2019.11.06-05.24.20:705][  0]LogLoad: (Engine Initialization) Total Blueprint compile time: 0.00 seconds
[2019.11.06-05.24.20:740][  0]LogSlate: Window 'MAGICROOM1 (64-bit Development PCD3D_SM5) ' being destroyed
[2019.11.06-05.24.20:741][  0]LogWindowsTextInputMethodSystem: Display: IME system now deactivated.
[2019.11.06-05.24.20:744][  0]LogWindowsTextInputMethodSystem: Display: IME system now deactivated.
[2019.11.06-05.24.21:285][  0]LogHMD: Failed initializing OVRPlugin 1.37.0
[2019.11.06-05.24.21:285][  0]LogSlate: Updating window title bar state: overlay mode, drag disabled, window buttons hidden, title bar hidden
[2019.11.06-05.24.21:285][  0]LogEngine: All Windows Closed
[2019.11.06-05.24.21:285][  0]LogWindows: FPlatformMisc::RequestExit(0)
[2019.11.06-05.24.21:292][  1]LogWorld: BeginTearingDown for /Game/MagicRoom/VRController/VirtualRealityBP/Maps/MainScene
[2019.11.06-05.24.21:292][  1]LogWorld: UWorld::CleanupWorld for MainScene, bSessionEnded=true, bCleanupResources=true
[2019.11.06-05.24.21:948][  1]LogExit: Preparing to exit.
[2019.11.06-05.24.21:948][  1]LogMoviePlayer: Shutting down movie player
[2019.11.06-05.24.22:720][  1]LogSlate: Updating window title bar state: overlay mode, drag disabled, window buttons hidden, title bar hidden
[2019.11.06-05.24.22:726][  1]LogDemo: Cleaned up 0 splitscreen connections with owner deletion
[2019.11.06-05.24.22:731][  1]LogExit: Game engine shut down
[2019.11.06-05.24.22:794][  1]LogExit: Object subsystem successfully closed.
[2019.11.06-05.24.22:815][  1]LogShaderCompilers: Display: Shaders left to compile 0
[2019.11.06-05.24.22:823][  1]LogModuleManager: Shutting down and abandoning module SequenceRecorderSections (408)
[2019.11.06-05.24.22:823][  1]LogModuleManager: Shutting down and abandoning module SequenceRecorder (406)
[2019.11.06-05.24.22:823][  1]LogModuleManager: Shutting down and abandoning module AutomationController (404)
[2019.11.06-05.24.22:823][  1]LogModuleManager: Shutting down and abandoning module AutomationWorker (402)
[2019.11.06-05.24.22:823][  1]LogModuleManager: Shutting down and abandoning module Voice (400)
[2019.11.06-05.24.22:823][  1]LogModuleManager: Shutting down and abandoning module AIModule (398)
[2019.11.06-05.24.22:823][  1]LogModuleManager: Shutting down and abandoning module GameplayDebugger (397)
[2019.11.06-05.24.22:823][  1]LogModuleManager: Shutting down and abandoning module AITestSuite (395)
[2019.11.06-05.24.22:823][  1]LogModuleManager: Shutting down and abandoning module NavigationSystem (393)
[2019.11.06-05.24.22:823][  1]LogModuleManager: Shutting down and abandoning module OculusMR (390)
[2019.11.06-05.24.22:823][  1]LogModuleManager: Shutting down and abandoning module WmfMediaFactory (388)
[2019.11.06-05.24.22:823][  1]LogModuleManager: Shutting down and abandoning module WebMMediaFactory (386)
[2019.11.06-05.24.22:823][  1]LogModuleManager: Shutting down and abandoning module WebMMedia (384)
[2019.11.06-05.24.22:823][  1]LogModuleManager: Shutting down and abandoning module OpenExrWrapper (382)
[2019.11.06-05.24.22:823][  1]LogModuleManager: Shutting down and abandoning module ImgMediaFactory (380)
[2019.11.06-05.24.22:823][  1]LogModuleManager: Shutting down and abandoning module AvfMediaFactory (378)
[2019.11.06-05.24.22:823][  1]LogModuleManager: Shutting down and abandoning module MagicLeapCameraPreviewFactory (376)
[2019.11.06-05.24.22:823][  1]LogModuleManager: Shutting down and abandoning module MagicLeapMediaCodecFactory (374)
[2019.11.06-05.24.22:823][  1]LogModuleManager: Shutting down and abandoning module MagicLeapMediaFactory (372)
[2019.11.06-05.24.22:823][  1]LogModuleManager: Shutting down and abandoning module CharacterAI (370)
[2019.11.06-05.24.22:823][  1]LogModuleManager: Shutting down and abandoning module SessionServices (368)
[2019.11.06-05.24.22:823][  1]LogModuleManager: Shutting down and abandoning module MovieSceneCapture (366)
[2019.11.06-05.24.22:824][  1]LogModuleManager: Shutting down and abandoning module LiveCoding (364)
[2019.11.06-05.24.22:824][  1]LogModuleManager: Shutting down and abandoning module LevelSequence (362)
[2019.11.06-05.24.22:824][  1]LogModuleManager: Shutting down and abandoning module MovieSceneTracks (360)
[2019.11.06-05.24.22:824][  1]LogModuleManager: Shutting down and abandoning module MovieScene (358)
[2019.11.06-05.24.22:824][  1]LogModuleManager: Shutting down and abandoning module StreamingPauseRendering (356)
[2019.11.06-05.24.22:824][  1]LogModuleManager: Shutting down and abandoning module PortalServices (354)
[2019.11.06-05.24.22:824][  1]LogModuleManager: Shutting down and abandoning module PortalRpc (352)
[2019.11.06-05.24.22:824][  1]LogModuleManager: Shutting down and abandoning module MessagingRpc (350)
[2019.11.06-05.24.22:824][  1]LogModuleManager: Shutting down and abandoning module ImageWriteQueue (348)
[2019.11.06-05.24.22:826][  1]LogModuleManager: Shutting down and abandoning module ProfilerService (346)
[2019.11.06-05.24.22:916][  1]LogModuleManager: Shutting down and abandoning module TaskGraph (344)
[2019.11.06-05.24.22:916][  1]LogModuleManager: Shutting down and abandoning module SteamVRController (342)
[2019.11.06-05.24.22:916][  1]LogModuleManager: Shutting down and abandoning module ProceduralMeshComponent (340)
[2019.11.06-05.24.22:916][  1]LogModuleManager: Shutting down and abandoning module OculusInput (338)
[2019.11.06-05.24.22:916][  1]LogModuleManager: Shutting down and abandoning module MobilePatchingUtils (336)
[2019.11.06-05.24.22:916][  1]LogModuleManager: Shutting down and abandoning module EditableMesh (334)
[2019.11.06-05.24.22:916][  1]LogModuleManager: Shutting down and abandoning module CustomMeshComponent (332)
[2019.11.06-05.24.22:916][  1]LogModuleManager: Shutting down and abandoning module CableComponent (330)
[2019.11.06-05.24.22:916][  1]LogModuleManager: Shutting down and abandoning module AudioCapture (328)
[2019.11.06-05.24.22:916][  1]LogModuleManager: Shutting down and abandoning module ArchVisCharacter (326)
[2019.11.06-05.24.22:917][  1]LogModuleManager: Shutting down and abandoning module AppleImageUtilsBlueprintSupport (324)
[2019.11.06-05.24.22:917][  1]LogModuleManager: Shutting down and abandoning module AppleImageUtils (322)
[2019.11.06-05.24.22:917][  1]LogModuleManager: Shutting down and abandoning module AndroidPermission (320)
[2019.11.06-05.24.22:917][  1]LogModuleManager: Shutting down and abandoning module NUTUnrealEngine4 (318)
[2019.11.06-05.24.22:917][  1]LogModuleManager: Shutting down and abandoning module NetcodeUnitTest (316)
[2019.11.06-05.24.22:917][  1]LogModuleManager: Shutting down and abandoning module MediaCompositing (314)
[2019.11.06-05.24.22:917][  1]LogModuleManager: Shutting down and abandoning module ImgMedia (312)
[2019.11.06-05.24.22:917][  1]LogModuleManager: Shutting down and abandoning module MagicLeapHelperVulkan (310)
[2019.11.06-05.24.22:917][  1]LogModuleManager: Shutting down and abandoning module MagicLeapHelperOpenGL (308)
[2019.11.06-05.24.22:917][  1]LogModuleManager: Shutting down and abandoning module MagicLeapAudio (306)
[2019.11.06-05.24.22:917][  1]LogModuleManager: Shutting down and abandoning module HTML5Networking (304)
[2019.11.06-05.24.22:917][  1]LogModuleManager: Shutting down and abandoning module GeometryCacheTracks (302)
[2019.11.06-05.24.22:917][  1]LogModuleManager: Shutting down and abandoning module GeometryCacheSequencer (301)
[2019.11.06-05.24.22:917][  1]LogModuleManager: Shutting down and abandoning module GeometryCache (298)
[2019.11.06-05.24.22:917][  1]LogModuleManager: Shutting down and abandoning module GeometryCacheEd (297)
[2019.11.06-05.24.22:917][  1]LogModuleManager: Shutting down and abandoning module BackChannel (294)
[2019.11.06-05.24.22:917][  1]LogModuleManager: Shutting down and abandoning module AutomationUtils (292)
[2019.11.06-05.24.22:917][  1]LogModuleManager: Shutting down and abandoning module VariantManagerContent (290)
[2019.11.06-05.24.22:917][  1]LogModuleManager: Shutting down and abandoning module CryptoKeysOpenSSL (288)
[2019.11.06-05.24.22:917][  1]LogModuleManager: Shutting down and abandoning module CryptoKeys (286)
[2019.11.06-05.24.22:917][  1]LogModuleManager: Shutting down and abandoning module VisualStudioSourceCodeAccess (284)
[2019.11.06-05.24.22:917][  1]LogModuleManager: Shutting down and abandoning module HotReload (283)
[2019.11.06-05.24.22:917][  1]LogModuleManager: Shutting down and abandoning module DirectoryWatcher (282)
[2019.11.06-05.24.22:917][  1]LogModuleManager: Shutting down and abandoning module VisualStudioCodeSourceCodeAccess (278)
[2019.11.06-05.24.22:917][  1]LogModuleManager: Shutting down and abandoning module UObjectPlugin (276)
[2019.11.06-05.24.22:917][  1]LogModuleManager: Shutting down and abandoning module SubversionSourceControl (274)
[2019.11.06-05.24.22:917][  1]LogModuleManager: Shutting down and abandoning module PerforceSourceControl (272)
[2019.11.06-05.24.22:917][  1]LogModuleManager: Shutting down and abandoning module SourceControl (271)
[2019.11.06-05.24.22:917][  1]LogModuleManager: Shutting down and abandoning module CLionSourceCodeAccess (268)
[2019.11.06-05.24.22:917][  1]LogModuleManager: Shutting down and abandoning module ActorLayerUtilities (266)
[2019.11.06-05.24.22:917][  1]LogModuleManager: Shutting down and abandoning module SignificanceManager (264)
[2019.11.06-05.24.22:917][  1]LogModuleManager: Shutting down and abandoning module RuntimePhysXCooking (262)
[2019.11.06-05.24.22:917][  1]LogModuleManager: Shutting down and abandoning module PhysXVehiclesEditor (260)
[2019.11.06-05.24.22:917][  1]LogModuleManager: Shutting down and abandoning module LocationServicesBPLibrary (256)
[2019.11.06-05.24.22:917][  1]LogModuleManager: Shutting down and abandoning module ActorSequence (254)
[2019.11.06-05.24.22:917][  1]LogModuleManager: Shutting down and abandoning module UdpMessaging (252)
[2019.11.06-05.24.23:018][  1]LogModuleManager: Shutting down and abandoning module TcpMessaging (250)
[2019.11.06-05.24.23:708][  1]LogModuleManager: Shutting down and abandoning module MagicLeapIdentity (248)
[2019.11.06-05.24.23:708][  1]LogModuleManager: Shutting down and abandoning module MagicLeapSecureStorage (246)
[2019.11.06-05.24.23:708][  1]LogModuleManager: Shutting down and abandoning module MagicLeapHandTracking (244)
[2019.11.06-05.24.23:708][  1]LogModuleManager: Shutting down and abandoning module MagicLeapEyeTracker (242)
[2019.11.06-05.24.23:708][  1]LogModuleManager: Shutting down and abandoning module MagicLeapController (240)
[2019.11.06-05.24.23:708][  1]LogSlate: Slate User Destroyed.  User Index 0, Is Virtual User: 0
[2019.11.06-05.24.23:708][  1]LogModuleManager: Shutting down and abandoning module MagicLeapAR (238)
[2019.11.06-05.24.23:708][  1]LogModuleManager: Shutting down and abandoning module AugmentedReality (237)
[2019.11.06-05.24.23:708][  1]LogModuleManager: Shutting down and abandoning module GameplayTagsEditor (234)
[2019.11.06-05.24.23:708][  1]LogModuleManager: Shutting down and abandoning module FacialAnimation (232)
[2019.11.06-05.24.23:708][  1]LogModuleManager: Shutting down and abandoning module AssetManagerEditor (230)
[2019.11.06-05.24.23:708][  1]LogModuleManager: Shutting down and abandoning module TreeMap (229)
[2019.11.06-05.24.23:708][  1]LogModuleManager: Shutting down and abandoning module AnimationSharing (226)
[2019.11.06-05.24.23:708][  1]LogModuleManager: Shutting down and abandoning module LightPropagationVolumeRuntime (224)
[2019.11.06-05.24.23:708][  1]LogModuleManager: Shutting down and abandoning module Paper2D (222)
[2019.11.06-05.24.23:708][  1]LogModuleManager: Shutting down and abandoning module WindowsMoviePlayer (220)
[2019.11.06-05.24.23:711][  1]LogModuleManager: Shutting down and abandoning module WebMMoviePlayer (218)
[2019.11.06-05.24.23:711][  1]LogModuleManager: Shutting down and abandoning module NetworkReplayStreaming (216)
[2019.11.06-05.24.23:711][  1]LogModuleManager: Shutting down and abandoning module PacketHandler (214)
[2019.11.06-05.24.23:711][  1]LogModuleManager: Shutting down and abandoning module ClothingSystemEditor (212)
[2019.11.06-05.24.23:711][  1]LogModuleManager: Shutting down and abandoning module ClothingSystemRuntime (210)
[2019.11.06-05.24.23:711][  1]LogModuleManager: Shutting down and abandoning module MediaAssets (208)
[2019.11.06-05.24.23:711][  1]LogModuleManager: Shutting down and abandoning module Overlay (206)
[2019.11.06-05.24.23:711][  1]LogModuleManager: Shutting down and abandoning module OverlayEditor (205)
[2019.11.06-05.24.23:711][  1]LogModuleManager: Shutting down and abandoning module VREditor (202)
[2019.11.06-05.24.23:711][  1]LogModuleManager: Shutting down and abandoning module StringTableEditor (200)
[2019.11.06-05.24.23:711][  1]LogModuleManager: Shutting down and abandoning module GameplayTasksEditor (198)
[2019.11.06-05.24.23:711][  1]LogModuleManager: Shutting down and abandoning module BehaviorTreeEditor (196)
[2019.11.06-05.24.23:711][  1]LogModuleManager: Shutting down and abandoning module FunctionalTesting (194)
[2019.11.06-05.24.23:711][  1]LogModuleManager: Shutting down and abandoning module CollisionAnalyzer (192)
[2019.11.06-05.24.23:711][  1]LogModuleManager: Shutting down and abandoning module WorkspaceMenuStructure (191)
[2019.11.06-05.24.23:711][  1]LogModuleManager: Shutting down and abandoning module UMG (188)
[2019.11.06-05.24.23:711][  1]LogModuleManager: Shutting down and abandoning module UMGEditor (187)
[2019.11.06-05.24.23:711][  1]LogModuleManager: Shutting down and abandoning module Sequencer (186)
[2019.11.06-05.24.23:711][  1]LogModuleManager: Shutting down and abandoning module MessageLog (183)
[2019.11.06-05.24.23:711][  1]LogModuleManager: Shutting down and abandoning module SlateReflector (178)
[2019.11.06-05.24.23:711][  1]LogModuleManager: Shutting down and abandoning module Slate (176)
[2019.11.06-05.24.23:711][  1]LogModuleManager: Shutting down and abandoning module LandscapeEditorUtilities (174)
[2019.11.06-05.24.23:711][  1]LogModuleManager: Shutting down and abandoning module EditorStyle (172)
[2019.11.06-05.24.23:712][  1]LogModuleManager: Shutting down and abandoning module UnrealEd (170)
[2019.11.06-05.24.23:712][  1]LogModuleManager: Shutting down and abandoning module MRMesh (168)
[2019.11.06-05.24.23:712][  1]LogModuleManager: Shutting down and abandoning module Messaging (166)
[2019.11.06-05.24.23:712][  1]LogModuleManager: Shutting down and abandoning module SourceCodeAccess (164)
[2019.11.06-05.24.23:712][  1]LogModuleManager: Shutting down and abandoning module HeadMountedDisplay (162)
[2019.11.06-05.24.23:712][  1]LogModuleManager: Shutting down and abandoning module XAudio2 (160)
[2019.11.06-05.24.23:712][  1]LogModuleManager: Shutting down and abandoning module Networking (158)
[2019.11.06-05.24.23:712][  1]LogModuleManager: Shutting down and abandoning module Core (156)
[2019.11.06-05.24.23:712][  1]LogModuleManager: Shutting down and abandoning module KismetCompiler (154)
[2019.11.06-05.24.23:712][  1]LogModuleManager: Shutting down and abandoning module MeshUtilities (152)
[2019.11.06-05.24.23:712][  1]LogModuleManager: Shutting down and abandoning module MeshMergeUtilities (151)
[2019.11.06-05.24.23:712][  1]LogModuleManager: Shutting down and abandoning module MeshReductionInterface (150)
[2019.11.06-05.24.23:712][  1]LogModuleManager: Shutting down and abandoning module SkeletalMeshReduction (149)
[2019.11.06-05.24.23:712][  1]LogModuleManager: Shutting down and abandoning module ProxyLODMeshReduction (147)
[2019.11.06-05.24.23:712][  1]LogModuleManager: Shutting down and abandoning module QuadricMeshReduction (145)
[2019.11.06-05.24.23:712][  1]LogModuleManager: Shutting down and abandoning module MaterialBaking (141)
[2019.11.06-05.24.23:712][  1]LogModuleManager: Shutting down and abandoning module NullInstallBundleManager (136)
[2019.11.06-05.24.23:712][  1]LogModuleManager: Shutting down and abandoning module PIEPreviewDeviceProfileSelector (134)
[2019.11.06-05.24.23:712][  1]LogModuleManager: Shutting down and abandoning module DerivedDataCache (132)
[2019.11.06-05.24.23:791][  1]LogDerivedDataCache: Shutdown
[2019.11.06-05.24.23:791][  1]LogModuleManager: Shutting down and abandoning module XGEController (130)
[2019.11.06-05.24.23:791][  1]LogModuleManager: Shutting down and abandoning module TargetPlatform (128)
[2019.11.06-05.24.23:791][  1]LogModuleManager: Shutting down and abandoning module VulkanShaderFormat (127)
[2019.11.06-05.24.23:791][  1]LogModuleManager: Shutting down and abandoning module ShaderFormatVectorVM (125)
[2019.11.06-05.24.23:791][  1]LogModuleManager: Shutting down and abandoning module ShaderFormatOpenGL (123)
[2019.11.06-05.24.23:791][  1]LogModuleManager: Shutting down and abandoning module ShaderFormatD3D (121)
[2019.11.06-05.24.23:791][  1]LogModuleManager: Shutting down and abandoning module MetalShaderFormat (119)
[2019.11.06-05.24.23:791][  1]LogModuleManager: Shutting down and abandoning module TextureFormatUncompressed (117)
[2019.11.06-05.24.23:791][  1]LogModuleManager: Shutting down and abandoning module TextureFormatPVR (115)
[2019.11.06-05.24.23:791][  1]LogModuleManager: Shutting down and abandoning module TextureFormatDXT (113)
[2019.11.06-05.24.23:791][  1]LogModuleManager: Shutting down and abandoning module TextureFormatIntelISPCTexComp (111)
[2019.11.06-05.24.23:792][  1]LogModuleManager: Shutting down and abandoning module TextureFormatASTC (109)
[2019.11.06-05.24.23:792][  1]LogModuleManager: Shutting down and abandoning module ImageWrapper (108)
[2019.11.06-05.24.23:792][  1]LogModuleManager: Shutting down and abandoning module TextureFormatAndroid (105)
[2019.11.06-05.24.23:792][  1]LogModuleManager: Shutting down and abandoning module AudioFormatOpus (103)
[2019.11.06-05.24.23:792][  1]LogModuleManager: Shutting down and abandoning module AudioFormatOgg (101)
[2019.11.06-05.24.23:792][  1]LogModuleManager: Shutting down and abandoning module AudioFormatADPCM (99)
[2019.11.06-05.24.23:792][  1]LogModuleManager: Shutting down and abandoning module WindowsTargetPlatform (97)
[2019.11.06-05.24.23:792][  1]LogModuleManager: Shutting down and abandoning module WindowsServerTargetPlatform (95)
[2019.11.06-05.24.23:792][  1]LogModuleManager: Shutting down and abandoning module WindowsNoEditorTargetPlatform (93)
[2019.11.06-05.24.23:792][  1]LogModuleManager: Shutting down and abandoning module WindowsClientTargetPlatform (91)
[2019.11.06-05.24.23:792][  1]LogModuleManager: Shutting down and abandoning module InputCore (88)
[2019.11.06-05.24.23:792][  1]LogModuleManager: Shutting down and abandoning module Settings (86)
[2019.11.06-05.24.23:792][  1]LogModuleManager: Shutting down and abandoning module PhysXCooking (84)
[2019.11.06-05.24.23:792][  1]LogModuleManager: Shutting down and abandoning module WindowsPlatformFeatures (82)
[2019.11.06-05.24.23:792][  1]LogModuleManager: Shutting down and abandoning module GameplayMediaEncoder (81)
[2019.11.06-05.24.23:792][  1]LogModuleManager: Shutting down and abandoning module SteamVR (78)
[2019.11.06-05.24.23:792][  1]LogHMD: Freeing OpenVRDLLHandle.
[2019.11.06-05.24.23:792][  1]LogModuleManager: Shutting down and abandoning module OculusHMD (76)
[2019.11.06-05.24.23:792][  1]LogModuleManager: Shutting down and abandoning module ExampleDeviceProfileSelector (74)
[2019.11.06-05.24.23:792][  1]LogModuleManager: Shutting down and abandoning module LauncherChunkInstaller (72)
[2019.11.06-05.24.23:792][  1]LogModuleManager: Shutting down and abandoning module OnlineBlueprintSupport (70)
[2019.11.06-05.24.23:792][  1]LogModuleManager: Shutting down and abandoning module OnlineSubsystem (66)
[2019.11.06-05.24.23:792][  1]LogModuleManager: Shutting down and abandoning module XMPP (61)
[2019.11.06-05.24.23:792][  1]LogModuleManager: Shutting down and abandoning module WebSockets (60)
[2019.11.06-05.24.23:802][  1]LogModuleManager: Shutting down and abandoning module HTTP (57)
[2019.11.06-05.24.23:823][  1]LogModuleManager: Shutting down and abandoning module SSL (56)
[2019.11.06-05.24.23:824][  1]LogModuleManager: Shutting down and abandoning module WmfMedia (52)
[2019.11.06-05.24.23:825][  1]LogModuleManager: Shutting down and abandoning module Media (51)
[2019.11.06-05.24.23:825][  1]LogModuleManager: Shutting down and abandoning module MagicLeap (48)
[2019.11.06-05.24.23:825][  1]LogModuleManager: Shutting down and abandoning module DatasmithContent (46)
[2019.11.06-05.24.23:826][  1]LogModuleManager: Shutting down and abandoning module AISupportModule (44)
[2019.11.06-05.24.23:826][  1]LogModuleManager: Shutting down and abandoning module PlatformCryptoOpenSSL (42)
[2019.11.06-05.24.23:826][  1]LogModuleManager: Shutting down and abandoning module PlatformCrypto (40)
[2019.11.06-05.24.23:826][  1]LogModuleManager: Shutting down and abandoning module AnimationModifiers (38)
[2019.11.06-05.24.23:826][  1]LogModuleManager: Shutting down and abandoning module PropertyEditor (37)
[2019.11.06-05.24.23:826][  1]LogModuleManager: Shutting down and abandoning module AudioEditor (34)
[2019.11.06-05.24.23:826][  1]LogModuleManager: Shutting down and abandoning module TextureCompressor (32)
[2019.11.06-05.24.23:826][  1]LogModuleManager: Shutting down and abandoning module RenderCore (30)
[2019.11.06-05.24.23:826][  1]LogModuleManager: Shutting down and abandoning module Landscape (28)
[2019.11.06-05.24.23:826][  1]LogModuleManager: Shutting down and abandoning module SlateRHIRenderer (26)
[2019.11.06-05.24.23:826][  1]LogModuleManager: Shutting down and abandoning module OpenGLDrv (24)
[2019.11.06-05.24.23:827][  1]LogModuleManager: Shutting down and abandoning module D3D11RHI (22)
[2019.11.06-05.24.23:827][  1]LogModuleManager: Shutting down and abandoning module AnimGraphRuntime (20)
[2019.11.06-05.24.23:827][  1]LogModuleManager: Shutting down and abandoning module Renderer (18)
[2019.11.06-05.24.23:827][  1]LogModuleManager: Shutting down and abandoning module Engine (16)
[2019.11.06-05.24.23:827][  1]LogModuleManager: Shutting down and abandoning module CoreUObject (14)
[2019.11.06-05.24.23:827][  1]LogModuleManager: Shutting down and abandoning module NetworkFile (12)
[2019.11.06-05.24.23:827][  1]LogModuleManager: Shutting down and abandoning module CookedIterativeFile (10)
[2019.11.06-05.24.23:827][  1]LogModuleManager: Shutting down and abandoning module StreamingFile (8)
[2019.11.06-05.24.23:827][  1]LogModuleManager: Shutting down and abandoning module SandboxFile (6)
[2019.11.06-05.24.23:827][  1]LogModuleManager: Shutting down and abandoning module PakFile (4)
[2019.11.06-05.24.23:827][  1]LogModuleManager: Shutting down and abandoning module RSA (3)
[2019.11.06-05.24.23:827][  1]LogD3D11RHI: Shutdown
[2019.11.06-05.24.23:827][  1]LogD3D11RHI: CleanupD3DDevice
[2019.11.06-05.24.23:827][  1]LogRendererCore: FGlobalDynamicReadBuffer::Cleanup()
[2019.11.06-05.24.23:827][  1]LogRendererCore: FGlobalDynamicReadBuffer::Cleanup()
[2019.11.06-05.24.23:827][  1]LogRendererCore: FGlobalDynamicReadBuffer::Cleanup()
[2019.11.06-05.24.23:828][  1]LogD3D11RHI: ~FD3D11DynamicRHI
[2019.11.06-05.24.23:869][  1]LogExit: Exiting.
[2019.11.06-05.24.23:879][  1]Log file closed, 11/06/19 15:24:23
